Iteration #1
Total number of hole bits is 292
Sketch file is marple_new_flow_equivalent_5_canonicalizer_equivalent_0_pred_raw_stateless_alu_4_4_codegen_iteration_1.sk
Synthesis succeeded with 2 bits, proceeding to verification.
marple_new_flow_equivalent_5_canonicalizer_equivalent_0_pred_raw_stateless_alu_4_4_verify_iter_1.sk passed syntax check. 
Failed to generate counterexamples, z3 returned unsat
Compilation succeeded. Hole value assignments are following:
int marple_new_flow_equivalent_5_canonicalizer_equivalent_0_pred_raw_stateless_alu_4_4_stateless_alu_0_2_immediate = 2
int marple_new_flow_equivalent_5_canonicalizer_equivalent_0_pred_raw_stateless_alu_4_4_stateless_alu_2_3_mux1_ctrl = 1
int marple_new_flow_equivalent_5_canonicalizer_equivalent_0_pred_raw_stateless_alu_4_4_output_mux_phv_1_3_ctrl = 1
int marple_new_flow_equivalent_5_canonicalizer_equivalent_0_pred_raw_stateless_alu_4_4_stateless_alu_2_1_opcode = 15
int marple_new_flow_equivalent_5_canonicalizer_equivalent_0_pred_raw_stateless_alu_4_4_output_mux_phv_1_0_ctrl = 1
int marple_new_flow_equivalent_5_canonicalizer_equivalent_0_pred_raw_stateless_alu_4_4_stateless_alu_2_3_mux3_ctrl = 0
int marple_new_flow_equivalent_5_canonicalizer_equivalent_0_pred_raw_stateless_alu_4_4_output_mux_phv_3_0_ctrl = 1
int marple_new_flow_equivalent_5_canonicalizer_equivalent_0_pred_raw_stateless_alu_4_4_output_mux_phv_1_2_ctrl = 1
int marple_new_flow_equivalent_5_canonicalizer_equivalent_0_pred_raw_stateless_alu_4_4_stateless_alu_0_1_mux1_ctrl = 2
int marple_new_flow_equivalent_5_canonicalizer_equivalent_0_pred_raw_stateless_alu_4_4_stateless_alu_0_3_opcode = 4
int marple_new_flow_equivalent_5_canonicalizer_equivalent_0_pred_raw_stateless_alu_4_4_stateless_alu_0_1_mux2_ctrl = 2
int marple_new_flow_equivalent_5_canonicalizer_equivalent_0_pred_raw_stateless_alu_4_4_stateless_alu_1_0_mux3_ctrl = 0
int marple_new_flow_equivalent_5_canonicalizer_equivalent_0_pred_raw_stateless_alu_4_4_stateless_alu_0_0_mux2_ctrl = 2
int marple_new_flow_equivalent_5_canonicalizer_equivalent_0_pred_raw_stateless_alu_4_4_stateless_alu_2_1_mux2_ctrl = 2
int marple_new_flow_equivalent_5_canonicalizer_equivalent_0_pred_raw_stateless_alu_4_4_output_mux_phv_0_1_ctrl = 1
int marple_new_flow_equivalent_5_canonicalizer_equivalent_0_pred_raw_stateless_alu_4_4_stateful_operand_mux_2_0_0_ctrl = 0
int marple_new_flow_equivalent_5_canonicalizer_equivalent_0_pred_raw_stateless_alu_4_4_stateful_operand_mux_1_0_1_ctrl = 3
int marple_new_flow_equivalent_5_canonicalizer_equivalent_0_pred_raw_stateless_alu_4_4_stateful_alu_2_0_const_1_global = 1
int marple_new_flow_equivalent_5_canonicalizer_equivalent_0_pred_raw_stateless_alu_4_4_output_mux_phv_1_1_ctrl = 1
int marple_new_flow_equivalent_5_canonicalizer_equivalent_0_pred_raw_stateless_alu_4_4_output_mux_phv_0_0_ctrl = 0
int marple_new_flow_equivalent_5_canonicalizer_equivalent_0_pred_raw_stateless_alu_4_4_output_mux_phv_0_2_ctrl = 1
int marple_new_flow_equivalent_5_canonicalizer_equivalent_0_pred_raw_stateless_alu_4_4_stateless_alu_2_3_opcode = 13
int marple_new_flow_equivalent_5_canonicalizer_equivalent_0_pred_raw_stateless_alu_4_4_stateless_alu_3_3_opcode = 1
int marple_new_flow_equivalent_5_canonicalizer_equivalent_0_pred_raw_stateless_alu_4_4_stateless_alu_0_0_mux3_ctrl = 2
int marple_new_flow_equivalent_5_canonicalizer_equivalent_0_pred_raw_stateless_alu_4_4_stateless_alu_2_3_mux2_ctrl = 1
int marple_new_flow_equivalent_5_canonicalizer_equivalent_0_pred_raw_stateless_alu_4_4_stateless_alu_1_3_opcode = 4
int marple_new_flow_equivalent_5_canonicalizer_equivalent_0_pred_raw_stateless_alu_4_4_stateful_alu_0_0_const_1_global = 1
int marple_new_flow_equivalent_5_canonicalizer_equivalent_0_pred_raw_stateless_alu_4_4_stateless_alu_3_2_immediate = 0
int marple_new_flow_equivalent_5_canonicalizer_equivalent_0_pred_raw_stateless_alu_4_4_salu_config_1_0 = 0
int marple_new_flow_equivalent_5_canonicalizer_equivalent_0_pred_raw_stateless_alu_4_4_salu_config_3_0 = 0
int marple_new_flow_equivalent_5_canonicalizer_equivalent_0_pred_raw_stateless_alu_4_4_stateful_alu_2_0_Opt_1_global = 0
int marple_new_flow_equivalent_5_canonicalizer_equivalent_0_pred_raw_stateless_alu_4_4_output_mux_phv_2_3_ctrl = 1
int marple_new_flow_equivalent_5_canonicalizer_equivalent_0_pred_raw_stateless_alu_4_4_stateful_alu_3_0_Mux3_1_global = 2
int marple_new_flow_equivalent_5_canonicalizer_equivalent_0_pred_raw_stateless_alu_4_4_stateless_alu_1_0_opcode = 15
int marple_new_flow_equivalent_5_canonicalizer_equivalent_0_pred_raw_stateless_alu_4_4_stateless_alu_2_0_mux3_ctrl = 0
int marple_new_flow_equivalent_5_canonicalizer_equivalent_0_pred_raw_stateless_alu_4_4_stateless_alu_0_3_mux2_ctrl = 3
int marple_new_flow_equivalent_5_canonicalizer_equivalent_0_pred_raw_stateless_alu_4_4_stateless_alu_3_2_mux1_ctrl = 1
int marple_new_flow_equivalent_5_canonicalizer_equivalent_0_pred_raw_stateless_alu_4_4_stateful_alu_2_0_rel_op_0_global = 0
int marple_new_flow_equivalent_5_canonicalizer_equivalent_0_pred_raw_stateless_alu_4_4_stateless_alu_3_1_mux1_ctrl = 1
int marple_new_flow_equivalent_5_canonicalizer_equivalent_0_pred_raw_stateless_alu_4_4_stateful_operand_mux_0_0_1_ctrl = 0
int marple_new_flow_equivalent_5_canonicalizer_equivalent_0_pred_raw_stateless_alu_4_4_stateful_alu_0_0_Opt_0_global = 0
int marple_new_flow_equivalent_5_canonicalizer_equivalent_0_pred_raw_stateless_alu_4_4_stateful_alu_2_0_const_0_global = 0
int marple_new_flow_equivalent_5_canonicalizer_equivalent_0_pred_raw_stateless_alu_4_4_stateful_alu_2_0_Mux3_0_global = 2
int marple_new_flow_equivalent_5_canonicalizer_equivalent_0_pred_raw_stateless_alu_4_4_stateless_alu_3_1_mux2_ctrl = 1
int marple_new_flow_equivalent_5_canonicalizer_equivalent_0_pred_raw_stateless_alu_4_4_stateless_alu_1_1_immediate = 1
int marple_new_flow_equivalent_5_canonicalizer_equivalent_0_pred_raw_stateless_alu_4_4_stateless_alu_0_2_mux1_ctrl = 0
int marple_new_flow_equivalent_5_canonicalizer_equivalent_0_pred_raw_stateless_alu_4_4_stateful_operand_mux_2_0_1_ctrl = 3
int marple_new_flow_equivalent_5_canonicalizer_equivalent_0_pred_raw_stateless_alu_4_4_stateless_alu_0_1_immediate = 3
int marple_new_flow_equivalent_5_canonicalizer_equivalent_0_pred_raw_stateless_alu_4_4_stateful_alu_0_0_Opt_1_global = 0
int marple_new_flow_equivalent_5_canonicalizer_equivalent_0_pred_raw_stateless_alu_4_4_salu_config_2_0 = 0
int marple_new_flow_equivalent_5_canonicalizer_equivalent_0_pred_raw_stateless_alu_4_4_stateless_alu_2_0_opcode = 1
int marple_new_flow_equivalent_5_canonicalizer_equivalent_0_pred_raw_stateless_alu_4_4_stateless_alu_0_2_mux3_ctrl = 1
int marple_new_flow_equivalent_5_canonicalizer_equivalent_0_pred_raw_stateless_alu_4_4_stateless_alu_3_3_mux2_ctrl = 0
int marple_new_flow_equivalent_5_canonicalizer_equivalent_0_pred_raw_stateless_alu_4_4_stateless_alu_0_0_opcode = 1
int marple_new_flow_equivalent_5_canonicalizer_equivalent_0_pred_raw_stateless_alu_4_4_stateless_alu_2_0_mux1_ctrl = 1
int marple_new_flow_equivalent_5_canonicalizer_equivalent_0_pred_raw_stateless_alu_4_4_stateless_alu_2_2_mux2_ctrl = 3
int marple_new_flow_equivalent_5_canonicalizer_equivalent_0_pred_raw_stateless_alu_4_4_stateless_alu_1_2_immediate = 1
int marple_new_flow_equivalent_5_canonicalizer_equivalent_0_pred_raw_stateless_alu_4_4_stateful_alu_0_0_const_0_global = 0
int marple_new_flow_equivalent_5_canonicalizer_equivalent_0_pred_raw_stateless_alu_4_4_stateless_alu_3_3_immediate = 0
int marple_new_flow_equivalent_5_canonicalizer_equivalent_0_pred_raw_stateless_alu_4_4_stateful_alu_3_0_Mux3_0_global = 0
int marple_new_flow_equivalent_5_canonicalizer_equivalent_0_pred_raw_stateless_alu_4_4_stateless_alu_1_3_mux3_ctrl = 0
int marple_new_flow_equivalent_5_canonicalizer_equivalent_0_pred_raw_stateless_alu_4_4_stateless_alu_3_1_mux3_ctrl = 0
int marple_new_flow_equivalent_5_canonicalizer_equivalent_0_pred_raw_stateless_alu_4_4_stateless_alu_3_0_mux1_ctrl = 3
int marple_new_flow_equivalent_5_canonicalizer_equivalent_0_pred_raw_stateless_alu_4_4_stateless_alu_1_2_mux1_ctrl = 1
int marple_new_flow_equivalent_5_canonicalizer_equivalent_0_pred_raw_stateless_alu_4_4_stateless_alu_2_1_mux3_ctrl = 0
int marple_new_flow_equivalent_5_canonicalizer_equivalent_0_pred_raw_stateless_alu_4_4_stateful_alu_0_0_rel_op_0_global = 3
int marple_new_flow_equivalent_5_canonicalizer_equivalent_0_pred_raw_stateless_alu_4_4_stateful_operand_mux_3_0_0_ctrl = 2
int marple_new_flow_equivalent_5_canonicalizer_equivalent_0_pred_raw_stateless_alu_4_4_stateless_alu_1_0_immediate = 2
int marple_new_flow_equivalent_5_canonicalizer_equivalent_0_pred_raw_stateless_alu_4_4_stateless_alu_0_3_immediate = 2
int marple_new_flow_equivalent_5_canonicalizer_equivalent_0_pred_raw_stateless_alu_4_4_stateless_alu_3_2_mux3_ctrl = 0
int marple_new_flow_equivalent_5_canonicalizer_equivalent_0_pred_raw_stateless_alu_4_4_stateful_alu_3_0_rel_op_0_global = 0
int marple_new_flow_equivalent_5_canonicalizer_equivalent_0_pred_raw_stateless_alu_4_4_stateless_alu_3_0_immediate = 1
int marple_new_flow_equivalent_5_canonicalizer_equivalent_0_pred_raw_stateless_alu_4_4_stateless_alu_2_0_immediate = 1
int marple_new_flow_equivalent_5_canonicalizer_equivalent_0_pred_raw_stateless_alu_4_4_stateful_operand_mux_3_0_1_ctrl = 3
int marple_new_flow_equivalent_5_canonicalizer_equivalent_0_pred_raw_stateless_alu_4_4_stateless_alu_1_1_opcode = 14
int marple_new_flow_equivalent_5_canonicalizer_equivalent_0_pred_raw_stateless_alu_4_4_stateful_alu_3_0_const_1_global = 1
int marple_new_flow_equivalent_5_canonicalizer_equivalent_0_pred_raw_stateless_alu_4_4_stateless_alu_2_1_immediate = 3
int marple_new_flow_equivalent_5_canonicalizer_equivalent_0_pred_raw_stateless_alu_4_4_stateful_alu_2_0_Opt_0_global = 0
int marple_new_flow_equivalent_5_canonicalizer_equivalent_0_pred_raw_stateless_alu_4_4_stateless_alu_1_3_mux1_ctrl = 1
int marple_new_flow_equivalent_5_canonicalizer_equivalent_0_pred_raw_stateless_alu_4_4_stateful_alu_3_0_const_0_global = 0
int marple_new_flow_equivalent_5_canonicalizer_equivalent_0_pred_raw_stateless_alu_4_4_stateless_alu_1_0_mux2_ctrl = 3
int marple_new_flow_equivalent_5_canonicalizer_equivalent_0_pred_raw_stateless_alu_4_4_stateless_alu_2_2_immediate = 3
int marple_new_flow_equivalent_5_canonicalizer_equivalent_0_pred_raw_stateless_alu_4_4_output_mux_phv_0_3_ctrl = 1
int marple_new_flow_equivalent_5_canonicalizer_equivalent_0_pred_raw_stateless_alu_4_4_stateless_alu_3_1_immediate = 0
int marple_new_flow_equivalent_5_canonicalizer_equivalent_0_pred_raw_stateless_alu_4_4_stateful_alu_1_0_Opt_1_global = 0
int marple_new_flow_equivalent_5_canonicalizer_equivalent_0_pred_raw_stateless_alu_4_4_stateless_alu_3_0_mux2_ctrl = 3
int marple_new_flow_equivalent_5_canonicalizer_equivalent_0_pred_raw_stateless_alu_4_4_stateless_alu_0_3_mux3_ctrl = 2
int marple_new_flow_equivalent_5_canonicalizer_equivalent_0_pred_raw_stateless_alu_4_4_stateful_alu_3_0_Opt_1_global = 0
int marple_new_flow_equivalent_5_canonicalizer_equivalent_0_pred_raw_stateless_alu_4_4_stateless_alu_0_2_mux2_ctrl = 1
int marple_new_flow_equivalent_5_canonicalizer_equivalent_0_pred_raw_stateless_alu_4_4_output_mux_phv_3_3_ctrl = 0
int marple_new_flow_equivalent_5_canonicalizer_equivalent_0_pred_raw_stateless_alu_4_4_stateless_alu_1_0_mux1_ctrl = 0
int marple_new_flow_equivalent_5_canonicalizer_equivalent_0_pred_raw_stateless_alu_4_4_output_mux_phv_2_0_ctrl = 1
int marple_new_flow_equivalent_5_canonicalizer_equivalent_0_pred_raw_stateless_alu_4_4_stateful_operand_mux_0_0_0_ctrl = 1
int marple_new_flow_equivalent_5_canonicalizer_equivalent_0_pred_raw_stateless_alu_4_4_stateful_alu_0_0_Mux3_1_global = 3
int marple_new_flow_equivalent_5_canonicalizer_equivalent_0_pred_raw_stateless_alu_4_4_stateless_alu_2_2_opcode = 1
int marple_new_flow_equivalent_5_canonicalizer_equivalent_0_pred_raw_stateless_alu_4_4_stateless_alu_1_2_opcode = 3
int marple_new_flow_equivalent_5_canonicalizer_equivalent_0_pred_raw_stateless_alu_4_4_stateful_alu_1_0_rel_op_0_global = 3
int marple_new_flow_equivalent_5_canonicalizer_equivalent_0_pred_raw_stateless_alu_4_4_output_mux_phv_2_1_ctrl = 1
int marple_new_flow_equivalent_5_canonicalizer_equivalent_0_pred_raw_stateless_alu_4_4_stateless_alu_2_2_mux3_ctrl = 0
int marple_new_flow_equivalent_5_canonicalizer_equivalent_0_pred_raw_stateless_alu_4_4_stateless_alu_0_0_immediate = 0
int marple_new_flow_equivalent_5_canonicalizer_equivalent_0_pred_raw_stateless_alu_4_4_stateless_alu_2_3_immediate = 1
int marple_new_flow_equivalent_5_canonicalizer_equivalent_0_pred_raw_stateless_alu_4_4_stateful_alu_1_0_const_0_global = 1
int marple_new_flow_equivalent_5_canonicalizer_equivalent_0_pred_raw_stateless_alu_4_4_stateless_alu_3_3_mux3_ctrl = 0
int marple_new_flow_equivalent_5_canonicalizer_equivalent_0_pred_raw_stateless_alu_4_4_stateless_alu_3_0_opcode = 14
int marple_new_flow_equivalent_5_canonicalizer_equivalent_0_pred_raw_stateless_alu_4_4_stateless_alu_0_1_mux3_ctrl = 2
int marple_new_flow_equivalent_5_canonicalizer_equivalent_0_pred_raw_stateless_alu_4_4_stateless_alu_1_2_mux3_ctrl = 2
int marple_new_flow_equivalent_5_canonicalizer_equivalent_0_pred_raw_stateless_alu_4_4_output_mux_phv_2_2_ctrl = 1
int marple_new_flow_equivalent_5_canonicalizer_equivalent_0_pred_raw_stateless_alu_4_4_stateless_alu_0_0_mux1_ctrl = 3
int marple_new_flow_equivalent_5_canonicalizer_equivalent_0_pred_raw_stateless_alu_4_4_stateless_alu_1_3_immediate = 0
int marple_new_flow_equivalent_5_canonicalizer_equivalent_0_pred_raw_stateless_alu_4_4_stateless_alu_1_1_mux3_ctrl = 3
int marple_new_flow_equivalent_5_canonicalizer_equivalent_0_pred_raw_stateless_alu_4_4_stateless_alu_3_3_mux1_ctrl = 1
int marple_new_flow_equivalent_5_canonicalizer_equivalent_0_pred_raw_stateless_alu_4_4_stateless_alu_1_1_mux2_ctrl = 2
int marple_new_flow_equivalent_5_canonicalizer_equivalent_0_pred_raw_stateless_alu_4_4_stateless_alu_0_2_opcode = 2
int marple_new_flow_equivalent_5_canonicalizer_equivalent_0_pred_raw_stateless_alu_4_4_stateful_alu_0_0_Mux3_0_global = 0
int marple_new_flow_equivalent_5_canonicalizer_equivalent_0_pred_raw_stateless_alu_4_4_stateless_alu_2_1_mux1_ctrl = 1
int marple_new_flow_equivalent_5_canonicalizer_equivalent_0_pred_raw_stateless_alu_4_4_stateful_alu_1_0_Opt_0_global = 0
int marple_new_flow_equivalent_5_canonicalizer_equivalent_0_pred_raw_stateless_alu_4_4_stateless_alu_1_1_mux1_ctrl = 0
int marple_new_flow_equivalent_5_canonicalizer_equivalent_0_pred_raw_stateless_alu_4_4_stateful_alu_1_0_Mux3_1_global = 2
int marple_new_flow_equivalent_5_canonicalizer_equivalent_0_pred_raw_stateless_alu_4_4_stateful_alu_1_0_const_1_global = 2
int marple_new_flow_equivalent_5_canonicalizer_equivalent_0_pred_raw_stateless_alu_4_4_output_mux_phv_3_2_ctrl = 0
int marple_new_flow_equivalent_5_canonicalizer_equivalent_0_pred_raw_stateless_alu_4_4_stateless_alu_0_1_opcode = 4
int marple_new_flow_equivalent_5_canonicalizer_equivalent_0_pred_raw_stateless_alu_4_4_stateless_alu_1_3_mux2_ctrl = 2
int marple_new_flow_equivalent_5_canonicalizer_equivalent_0_pred_raw_stateless_alu_4_4_stateless_alu_0_3_mux1_ctrl = 1
int marple_new_flow_equivalent_5_canonicalizer_equivalent_0_pred_raw_stateless_alu_4_4_stateless_alu_3_0_mux3_ctrl = 0
int marple_new_flow_equivalent_5_canonicalizer_equivalent_0_pred_raw_stateless_alu_4_4_stateless_alu_2_0_mux2_ctrl = 0
int marple_new_flow_equivalent_5_canonicalizer_equivalent_0_pred_raw_stateless_alu_4_4_output_mux_phv_3_1_ctrl = 0
int marple_new_flow_equivalent_5_canonicalizer_equivalent_0_pred_raw_stateless_alu_4_4_stateless_alu_3_2_opcode = 1
int marple_new_flow_equivalent_5_canonicalizer_equivalent_0_pred_raw_stateless_alu_4_4_stateful_alu_3_0_Opt_0_global = 0
int marple_new_flow_equivalent_5_canonicalizer_equivalent_0_pred_raw_stateless_alu_4_4_stateless_alu_1_2_mux2_ctrl = 2
int marple_new_flow_equivalent_5_canonicalizer_equivalent_0_pred_raw_stateless_alu_4_4_stateful_alu_1_0_Mux3_0_global = 0
int marple_new_flow_equivalent_5_canonicalizer_equivalent_0_pred_raw_stateless_alu_4_4_salu_config_0_0 = 1
int marple_new_flow_equivalent_5_canonicalizer_equivalent_0_pred_raw_stateless_alu_4_4_stateless_alu_2_2_mux1_ctrl = 2
int marple_new_flow_equivalent_5_canonicalizer_equivalent_0_pred_raw_stateless_alu_4_4_stateful_alu_2_0_Mux3_1_global = 0
int marple_new_flow_equivalent_5_canonicalizer_equivalent_0_pred_raw_stateless_alu_4_4_stateful_operand_mux_1_0_0_ctrl = 0
int marple_new_flow_equivalent_5_canonicalizer_equivalent_0_pred_raw_stateless_alu_4_4_stateless_alu_3_2_mux2_ctrl = 0
int marple_new_flow_equivalent_5_canonicalizer_equivalent_0_pred_raw_stateless_alu_4_4_stateless_alu_3_1_opcode = 5
Output left in marple_new_flow_equivalent_5_canonicalizer_equivalent_0_pred_raw_stateless_alu_4_4.success