Iteration #1
Total number of hole bits is 436
Sketch file is blue_decrease_equivalent_6_canonicalizer_equivalent_0_sub_stateless_alu_4_3_codegen_iteration_1.sk
Synthesis succeeded with 2 bits, proceeding to verification.
blue_decrease_equivalent_6_canonicalizer_equivalent_0_sub_stateless_alu_4_3_verify_iter_1.sk passed syntax check. 
Failed to generate counterexamples, z3 returned unsat
Compilation succeeded. Hole value assignments are following:
int blue_decrease_equivalent_6_canonicalizer_equivalent_0_sub_stateless_alu_4_3_output_mux_phv_0_1_ctrl = 3
int blue_decrease_equivalent_6_canonicalizer_equivalent_0_sub_stateless_alu_4_3_stateless_alu_1_1_mux2_ctrl = 3
int blue_decrease_equivalent_6_canonicalizer_equivalent_0_sub_stateless_alu_4_3_stateless_alu_3_2_opcode = 1
int blue_decrease_equivalent_6_canonicalizer_equivalent_0_sub_stateless_alu_4_3_stateful_alu_1_1_Mux3_1_global = 0
int blue_decrease_equivalent_6_canonicalizer_equivalent_0_sub_stateless_alu_4_3_stateful_alu_3_1_Mux3_4_global = 2
int blue_decrease_equivalent_6_canonicalizer_equivalent_0_sub_stateless_alu_4_3_stateful_alu_0_1_Mux3_3_global = 2
int blue_decrease_equivalent_6_canonicalizer_equivalent_0_sub_stateless_alu_4_3_stateful_alu_3_1_const_1_global = 1
int blue_decrease_equivalent_6_canonicalizer_equivalent_0_sub_stateless_alu_4_3_stateful_alu_2_1_arith_op_0_global = 0
int blue_decrease_equivalent_6_canonicalizer_equivalent_0_sub_stateless_alu_4_3_stateful_alu_3_0_Opt_1_global = 0
int blue_decrease_equivalent_6_canonicalizer_equivalent_0_sub_stateless_alu_4_3_salu_config_0_1 = 0
int blue_decrease_equivalent_6_canonicalizer_equivalent_0_sub_stateless_alu_4_3_stateful_alu_2_0_Opt_0_global = 1
int blue_decrease_equivalent_6_canonicalizer_equivalent_0_sub_stateless_alu_4_3_stateless_alu_0_0_opcode = 4
int blue_decrease_equivalent_6_canonicalizer_equivalent_0_sub_stateless_alu_4_3_stateful_alu_1_0_Opt_0_global = 0
int blue_decrease_equivalent_6_canonicalizer_equivalent_0_sub_stateless_alu_4_3_stateful_alu_0_0_const_3_global = 0
int blue_decrease_equivalent_6_canonicalizer_equivalent_0_sub_stateless_alu_4_3_stateful_alu_3_1_const_4_global = 2
int blue_decrease_equivalent_6_canonicalizer_equivalent_0_sub_stateless_alu_4_3_stateless_alu_1_2_opcode = 27
int blue_decrease_equivalent_6_canonicalizer_equivalent_0_sub_stateless_alu_4_3_stateful_alu_3_0_Mux3_1_global = 2
int blue_decrease_equivalent_6_canonicalizer_equivalent_0_sub_stateless_alu_4_3_stateless_alu_0_0_mux1_ctrl = 0
int blue_decrease_equivalent_6_canonicalizer_equivalent_0_sub_stateless_alu_4_3_stateful_operand_mux_2_0_1_ctrl = 0
int blue_decrease_equivalent_6_canonicalizer_equivalent_0_sub_stateless_alu_4_3_stateless_alu_3_2_mux1_ctrl = 1
int blue_decrease_equivalent_6_canonicalizer_equivalent_0_sub_stateless_alu_4_3_stateless_alu_1_1_immediate = 3
int blue_decrease_equivalent_6_canonicalizer_equivalent_0_sub_stateless_alu_4_3_stateful_alu_2_0_Mux3_3_global = 2
int blue_decrease_equivalent_6_canonicalizer_equivalent_0_sub_stateless_alu_4_3_stateful_alu_3_0_const_0_global = 0
int blue_decrease_equivalent_6_canonicalizer_equivalent_0_sub_stateless_alu_4_3_stateless_alu_0_1_mux1_ctrl = 0
int blue_decrease_equivalent_6_canonicalizer_equivalent_0_sub_stateless_alu_4_3_stateful_alu_2_0_const_4_global = 1
int blue_decrease_equivalent_6_canonicalizer_equivalent_0_sub_stateless_alu_4_3_stateless_alu_3_0_mux3_ctrl = 2
int blue_decrease_equivalent_6_canonicalizer_equivalent_0_sub_stateless_alu_4_3_stateful_alu_2_1_Mux3_4_global = 3
int blue_decrease_equivalent_6_canonicalizer_equivalent_0_sub_stateless_alu_4_3_stateless_alu_2_0_mux1_ctrl = 0
int blue_decrease_equivalent_6_canonicalizer_equivalent_0_sub_stateless_alu_4_3_stateful_alu_0_0_arith_op_0_global = 1
int blue_decrease_equivalent_6_canonicalizer_equivalent_0_sub_stateless_alu_4_3_stateless_alu_2_1_mux3_ctrl = 2
int blue_decrease_equivalent_6_canonicalizer_equivalent_0_sub_stateless_alu_4_3_stateful_alu_1_1_Mux3_2_global = 2
int blue_decrease_equivalent_6_canonicalizer_equivalent_0_sub_stateless_alu_4_3_stateful_alu_3_1_const_3_global = 0
int blue_decrease_equivalent_6_canonicalizer_equivalent_0_sub_stateless_alu_4_3_stateful_alu_2_0_Mux3_0_global = 3
int blue_decrease_equivalent_6_canonicalizer_equivalent_0_sub_stateless_alu_4_3_stateful_operand_mux_1_0_1_ctrl = 2
int blue_decrease_equivalent_6_canonicalizer_equivalent_0_sub_stateless_alu_4_3_stateful_alu_1_0_const_3_global = 3
int blue_decrease_equivalent_6_canonicalizer_equivalent_0_sub_stateless_alu_4_3_stateless_alu_3_0_mux1_ctrl = 0
int blue_decrease_equivalent_6_canonicalizer_equivalent_0_sub_stateless_alu_4_3_stateless_alu_3_2_mux3_ctrl = 0
int blue_decrease_equivalent_6_canonicalizer_equivalent_0_sub_stateless_alu_4_3_stateful_alu_0_0_arith_op_1_global = 0
int blue_decrease_equivalent_6_canonicalizer_equivalent_0_sub_stateless_alu_4_3_stateless_alu_1_1_mux3_ctrl = 3
int blue_decrease_equivalent_6_canonicalizer_equivalent_0_sub_stateless_alu_4_3_stateful_operand_mux_3_1_0_ctrl = 0
int blue_decrease_equivalent_6_canonicalizer_equivalent_0_sub_stateless_alu_4_3_stateful_alu_1_0_rel_op_0_global = 2
int blue_decrease_equivalent_6_canonicalizer_equivalent_0_sub_stateless_alu_4_3_output_mux_phv_2_2_ctrl = 2
int blue_decrease_equivalent_6_canonicalizer_equivalent_0_sub_stateless_alu_4_3_stateful_alu_2_1_Mux3_1_global = 1
int blue_decrease_equivalent_6_canonicalizer_equivalent_0_sub_stateless_alu_4_3_stateless_alu_0_2_opcode = 5
int blue_decrease_equivalent_6_canonicalizer_equivalent_0_sub_stateless_alu_4_3_stateful_alu_2_1_const_2_global = 1
int blue_decrease_equivalent_6_canonicalizer_equivalent_0_sub_stateless_alu_4_3_stateful_alu_0_0_rel_op_0_global = 3
int blue_decrease_equivalent_6_canonicalizer_equivalent_0_sub_stateless_alu_4_3_salu_config_1_1 = 1
int blue_decrease_equivalent_6_canonicalizer_equivalent_0_sub_stateless_alu_4_3_stateful_alu_1_1_const_3_global = 0
int blue_decrease_equivalent_6_canonicalizer_equivalent_0_sub_stateless_alu_4_3_stateful_alu_3_0_const_3_global = 0
int blue_decrease_equivalent_6_canonicalizer_equivalent_0_sub_stateless_alu_4_3_stateful_alu_0_0_const_2_global = 3
int blue_decrease_equivalent_6_canonicalizer_equivalent_0_sub_stateless_alu_4_3_stateful_alu_0_0_const_4_global = 0
int blue_decrease_equivalent_6_canonicalizer_equivalent_0_sub_stateless_alu_4_3_stateful_alu_3_0_Opt_0_global = 1
int blue_decrease_equivalent_6_canonicalizer_equivalent_0_sub_stateless_alu_4_3_stateless_alu_0_2_mux2_ctrl = 0
int blue_decrease_equivalent_6_canonicalizer_equivalent_0_sub_stateless_alu_4_3_stateless_alu_0_2_immediate = 2
int blue_decrease_equivalent_6_canonicalizer_equivalent_0_sub_stateless_alu_4_3_stateless_alu_0_0_immediate = 1
int blue_decrease_equivalent_6_canonicalizer_equivalent_0_sub_stateless_alu_4_3_stateful_alu_2_0_const_1_global = 3
int blue_decrease_equivalent_6_canonicalizer_equivalent_0_sub_stateless_alu_4_3_stateless_alu_1_2_mux1_ctrl = 1
int blue_decrease_equivalent_6_canonicalizer_equivalent_0_sub_stateless_alu_4_3_stateful_operand_mux_0_0_1_ctrl = 0
int blue_decrease_equivalent_6_canonicalizer_equivalent_0_sub_stateless_alu_4_3_stateful_alu_1_0_const_2_global = 0
int blue_decrease_equivalent_6_canonicalizer_equivalent_0_sub_stateless_alu_4_3_stateful_alu_0_1_Opt_1_global = 0
int blue_decrease_equivalent_6_canonicalizer_equivalent_0_sub_stateless_alu_4_3_output_mux_phv_3_0_ctrl = 2
int blue_decrease_equivalent_6_canonicalizer_equivalent_0_sub_stateless_alu_4_3_stateless_alu_2_1_immediate = 2
int blue_decrease_equivalent_6_canonicalizer_equivalent_0_sub_stateless_alu_4_3_stateless_alu_3_0_mux2_ctrl = 2
int blue_decrease_equivalent_6_canonicalizer_equivalent_0_sub_stateless_alu_4_3_stateful_alu_3_0_rel_op_0_global = 0
int blue_decrease_equivalent_6_canonicalizer_equivalent_0_sub_stateless_alu_4_3_stateful_operand_mux_2_1_1_ctrl = 1
int blue_decrease_equivalent_6_canonicalizer_equivalent_0_sub_stateless_alu_4_3_stateless_alu_3_0_opcode = 2
int blue_decrease_equivalent_6_canonicalizer_equivalent_0_sub_stateless_alu_4_3_stateful_alu_1_1_Mux3_3_global = 3
int blue_decrease_equivalent_6_canonicalizer_equivalent_0_sub_stateless_alu_4_3_stateful_alu_2_1_Opt_1_global = 0
int blue_decrease_equivalent_6_canonicalizer_equivalent_0_sub_stateless_alu_4_3_stateful_operand_mux_2_0_0_ctrl = 0
int blue_decrease_equivalent_6_canonicalizer_equivalent_0_sub_stateless_alu_4_3_stateless_alu_0_1_mux2_ctrl = 1
int blue_decrease_equivalent_6_canonicalizer_equivalent_0_sub_stateless_alu_4_3_stateless_alu_3_0_immediate = 2
int blue_decrease_equivalent_6_canonicalizer_equivalent_0_sub_stateless_alu_4_3_stateful_alu_0_0_Opt_2_global = 0
int blue_decrease_equivalent_6_canonicalizer_equivalent_0_sub_stateless_alu_4_3_stateful_alu_3_0_Mux3_0_global = 0
int blue_decrease_equivalent_6_canonicalizer_equivalent_0_sub_stateless_alu_4_3_stateful_operand_mux_3_1_1_ctrl = 0
int blue_decrease_equivalent_6_canonicalizer_equivalent_0_sub_stateless_alu_4_3_stateful_alu_1_0_arith_op_1_global = 1
int blue_decrease_equivalent_6_canonicalizer_equivalent_0_sub_stateless_alu_4_3_stateless_alu_2_1_opcode = 10
int blue_decrease_equivalent_6_canonicalizer_equivalent_0_sub_stateless_alu_4_3_stateful_alu_0_1_const_3_global = 3
int blue_decrease_equivalent_6_canonicalizer_equivalent_0_sub_stateless_alu_4_3_stateful_alu_1_1_arith_op_0_global = 0
int blue_decrease_equivalent_6_canonicalizer_equivalent_0_sub_stateless_alu_4_3_stateful_alu_0_1_Mux3_0_global = 2
int blue_decrease_equivalent_6_canonicalizer_equivalent_0_sub_stateless_alu_4_3_stateful_alu_1_0_Mux3_0_global = 3
int blue_decrease_equivalent_6_canonicalizer_equivalent_0_sub_stateless_alu_4_3_stateless_alu_1_2_mux2_ctrl = 3
int blue_decrease_equivalent_6_canonicalizer_equivalent_0_sub_stateless_alu_4_3_stateful_alu_1_1_Opt_1_global = 1
int blue_decrease_equivalent_6_canonicalizer_equivalent_0_sub_stateless_alu_4_3_stateful_alu_0_1_const_1_global = 1
int blue_decrease_equivalent_6_canonicalizer_equivalent_0_sub_stateless_alu_4_3_stateful_alu_3_1_Opt_1_global = 0
int blue_decrease_equivalent_6_canonicalizer_equivalent_0_sub_stateless_alu_4_3_output_mux_phv_0_0_ctrl = 3
int blue_decrease_equivalent_6_canonicalizer_equivalent_0_sub_stateless_alu_4_3_stateful_alu_3_0_Mux3_4_global = 2
int blue_decrease_equivalent_6_canonicalizer_equivalent_0_sub_stateless_alu_4_3_output_mux_phv_0_2_ctrl = 2
int blue_decrease_equivalent_6_canonicalizer_equivalent_0_sub_stateless_alu_4_3_stateful_alu_1_0_const_0_global = 3
int blue_decrease_equivalent_6_canonicalizer_equivalent_0_sub_stateless_alu_4_3_stateful_alu_1_0_Mux3_4_global = 2
int blue_decrease_equivalent_6_canonicalizer_equivalent_0_sub_stateless_alu_4_3_stateful_operand_mux_3_0_1_ctrl = 0
int blue_decrease_equivalent_6_canonicalizer_equivalent_0_sub_stateless_alu_4_3_output_mux_phv_2_1_ctrl = 3
int blue_decrease_equivalent_6_canonicalizer_equivalent_0_sub_stateless_alu_4_3_stateful_alu_3_1_Mux3_1_global = 0
int blue_decrease_equivalent_6_canonicalizer_equivalent_0_sub_stateless_alu_4_3_stateful_alu_1_1_rel_op_0_global = 1
int blue_decrease_equivalent_6_canonicalizer_equivalent_0_sub_stateless_alu_4_3_salu_config_2_0 = 0
int blue_decrease_equivalent_6_canonicalizer_equivalent_0_sub_stateless_alu_4_3_stateless_alu_3_1_mux2_ctrl = 3
int blue_decrease_equivalent_6_canonicalizer_equivalent_0_sub_stateless_alu_4_3_stateful_alu_1_1_const_2_global = 1
int blue_decrease_equivalent_6_canonicalizer_equivalent_0_sub_stateless_alu_4_3_stateful_alu_1_0_Mux3_2_global = 0
int blue_decrease_equivalent_6_canonicalizer_equivalent_0_sub_stateless_alu_4_3_stateful_alu_3_0_const_1_global = 1
int blue_decrease_equivalent_6_canonicalizer_equivalent_0_sub_stateless_alu_4_3_stateful_alu_1_1_Mux3_0_global = 1
int blue_decrease_equivalent_6_canonicalizer_equivalent_0_sub_stateless_alu_4_3_stateful_alu_0_1_const_0_global = 3
int blue_decrease_equivalent_6_canonicalizer_equivalent_0_sub_stateless_alu_4_3_stateless_alu_1_0_mux2_ctrl = 3
int blue_decrease_equivalent_6_canonicalizer_equivalent_0_sub_stateless_alu_4_3_salu_config_3_1 = 0
int blue_decrease_equivalent_6_canonicalizer_equivalent_0_sub_stateless_alu_4_3_output_mux_phv_1_2_ctrl = 1
int blue_decrease_equivalent_6_canonicalizer_equivalent_0_sub_stateless_alu_4_3_stateful_alu_2_1_Opt_0_global = 0
int blue_decrease_equivalent_6_canonicalizer_equivalent_0_sub_stateless_alu_4_3_stateful_alu_1_0_arith_op_0_global = 1
int blue_decrease_equivalent_6_canonicalizer_equivalent_0_sub_stateless_alu_4_3_stateless_alu_2_2_mux3_ctrl = 1
int blue_decrease_equivalent_6_canonicalizer_equivalent_0_sub_stateless_alu_4_3_stateful_alu_0_1_arith_op_1_global = 1
int blue_decrease_equivalent_6_canonicalizer_equivalent_0_sub_stateless_alu_4_3_stateful_alu_2_0_Opt_2_global = 0
int blue_decrease_equivalent_6_canonicalizer_equivalent_0_sub_stateless_alu_4_3_stateful_alu_3_0_const_2_global = 3
int blue_decrease_equivalent_6_canonicalizer_equivalent_0_sub_stateless_alu_4_3_stateful_alu_0_1_const_4_global = 3
int blue_decrease_equivalent_6_canonicalizer_equivalent_0_sub_stateless_alu_4_3_stateful_operand_mux_2_1_0_ctrl = 1
int blue_decrease_equivalent_6_canonicalizer_equivalent_0_sub_stateless_alu_4_3_stateful_alu_3_0_arith_op_0_global = 1
int blue_decrease_equivalent_6_canonicalizer_equivalent_0_sub_stateless_alu_4_3_stateless_alu_1_2_immediate = 2
int blue_decrease_equivalent_6_canonicalizer_equivalent_0_sub_stateless_alu_4_3_salu_config_3_0 = 1
int blue_decrease_equivalent_6_canonicalizer_equivalent_0_sub_stateless_alu_4_3_stateless_alu_3_1_opcode = 2
int blue_decrease_equivalent_6_canonicalizer_equivalent_0_sub_stateless_alu_4_3_stateful_operand_mux_3_0_0_ctrl = 1
int blue_decrease_equivalent_6_canonicalizer_equivalent_0_sub_stateless_alu_4_3_stateless_alu_1_0_immediate = 3
int blue_decrease_equivalent_6_canonicalizer_equivalent_0_sub_stateless_alu_4_3_stateless_alu_0_0_mux3_ctrl = 0
int blue_decrease_equivalent_6_canonicalizer_equivalent_0_sub_stateless_alu_4_3_stateless_alu_2_2_immediate = 1
int blue_decrease_equivalent_6_canonicalizer_equivalent_0_sub_stateless_alu_4_3_stateful_alu_2_1_const_1_global = 2
int blue_decrease_equivalent_6_canonicalizer_equivalent_0_sub_stateless_alu_4_3_salu_config_2_1 = 0
int blue_decrease_equivalent_6_canonicalizer_equivalent_0_sub_stateless_alu_4_3_stateful_alu_2_0_arith_op_1_global = 0
int blue_decrease_equivalent_6_canonicalizer_equivalent_0_sub_stateless_alu_4_3_stateful_alu_2_0_Mux3_2_global = 2
int blue_decrease_equivalent_6_canonicalizer_equivalent_0_sub_stateless_alu_4_3_stateful_alu_2_0_Opt_1_global = 0
int blue_decrease_equivalent_6_canonicalizer_equivalent_0_sub_stateless_alu_4_3_stateful_alu_1_0_const_4_global = 3
int blue_decrease_equivalent_6_canonicalizer_equivalent_0_sub_stateless_alu_4_3_stateful_alu_0_0_Mux3_3_global = 3
int blue_decrease_equivalent_6_canonicalizer_equivalent_0_sub_stateless_alu_4_3_stateless_alu_0_0_mux2_ctrl = 1
int blue_decrease_equivalent_6_canonicalizer_equivalent_0_sub_stateless_alu_4_3_stateful_alu_1_1_const_0_global = 0
int blue_decrease_equivalent_6_canonicalizer_equivalent_0_sub_stateless_alu_4_3_stateful_alu_3_0_Mux3_3_global = 2
int blue_decrease_equivalent_6_canonicalizer_equivalent_0_sub_stateless_alu_4_3_stateless_alu_1_1_mux1_ctrl = 1
int blue_decrease_equivalent_6_canonicalizer_equivalent_0_sub_stateless_alu_4_3_stateful_alu_2_0_Mux3_1_global = 3
int blue_decrease_equivalent_6_canonicalizer_equivalent_0_sub_stateless_alu_4_3_output_mux_phv_3_2_ctrl = 0
int blue_decrease_equivalent_6_canonicalizer_equivalent_0_sub_stateless_alu_4_3_stateful_operand_mux_0_1_1_ctrl = 0
int blue_decrease_equivalent_6_canonicalizer_equivalent_0_sub_stateless_alu_4_3_salu_config_1_0 = 0
int blue_decrease_equivalent_6_canonicalizer_equivalent_0_sub_stateless_alu_4_3_stateful_alu_3_1_const_2_global = 3
int blue_decrease_equivalent_6_canonicalizer_equivalent_0_sub_stateless_alu_4_3_stateless_alu_1_1_opcode = 3
int blue_decrease_equivalent_6_canonicalizer_equivalent_0_sub_stateless_alu_4_3_output_mux_phv_1_0_ctrl = 3
int blue_decrease_equivalent_6_canonicalizer_equivalent_0_sub_stateless_alu_4_3_stateful_alu_0_0_Opt_0_global = 0
int blue_decrease_equivalent_6_canonicalizer_equivalent_0_sub_stateless_alu_4_3_stateful_operand_mux_0_0_0_ctrl = 0
int blue_decrease_equivalent_6_canonicalizer_equivalent_0_sub_stateless_alu_4_3_stateful_operand_mux_1_1_1_ctrl = 0
int blue_decrease_equivalent_6_canonicalizer_equivalent_0_sub_stateless_alu_4_3_stateful_alu_2_1_Mux3_2_global = 3
int blue_decrease_equivalent_6_canonicalizer_equivalent_0_sub_stateless_alu_4_3_stateless_alu_2_2_opcode = 7
int blue_decrease_equivalent_6_canonicalizer_equivalent_0_sub_stateless_alu_4_3_stateful_alu_2_1_rel_op_0_global = 2
int blue_decrease_equivalent_6_canonicalizer_equivalent_0_sub_stateless_alu_4_3_stateless_alu_2_2_mux1_ctrl = 0
int blue_decrease_equivalent_6_canonicalizer_equivalent_0_sub_stateless_alu_4_3_stateful_alu_0_1_Mux3_1_global = 0
int blue_decrease_equivalent_6_canonicalizer_equivalent_0_sub_stateless_alu_4_3_stateful_operand_mux_1_1_0_ctrl = 0
int blue_decrease_equivalent_6_canonicalizer_equivalent_0_sub_stateless_alu_4_3_stateless_alu_1_0_opcode = 5
int blue_decrease_equivalent_6_canonicalizer_equivalent_0_sub_stateless_alu_4_3_stateful_alu_3_0_arith_op_1_global = 0
int blue_decrease_equivalent_6_canonicalizer_equivalent_0_sub_stateless_alu_4_3_stateful_alu_0_0_const_1_global = 1
int blue_decrease_equivalent_6_canonicalizer_equivalent_0_sub_stateless_alu_4_3_stateless_alu_3_2_mux2_ctrl = 0
int blue_decrease_equivalent_6_canonicalizer_equivalent_0_sub_stateless_alu_4_3_stateless_alu_1_0_mux3_ctrl = 3
int blue_decrease_equivalent_6_canonicalizer_equivalent_0_sub_stateless_alu_4_3_stateful_alu_3_1_Opt_0_global = 0
int blue_decrease_equivalent_6_canonicalizer_equivalent_0_sub_stateless_alu_4_3_stateless_alu_2_1_mux2_ctrl = 2
int blue_decrease_equivalent_6_canonicalizer_equivalent_0_sub_stateless_alu_4_3_stateful_alu_2_1_Mux3_0_global = 3
int blue_decrease_equivalent_6_canonicalizer_equivalent_0_sub_stateless_alu_4_3_stateful_alu_2_0_const_0_global = 1
int blue_decrease_equivalent_6_canonicalizer_equivalent_0_sub_stateless_alu_4_3_stateful_alu_1_0_Opt_2_global = 0
int blue_decrease_equivalent_6_canonicalizer_equivalent_0_sub_stateless_alu_4_3_stateful_alu_3_1_const_0_global = 3
int blue_decrease_equivalent_6_canonicalizer_equivalent_0_sub_stateless_alu_4_3_stateless_alu_0_1_opcode = 28
int blue_decrease_equivalent_6_canonicalizer_equivalent_0_sub_stateless_alu_4_3_stateless_alu_2_0_mux2_ctrl = 3
int blue_decrease_equivalent_6_canonicalizer_equivalent_0_sub_stateless_alu_4_3_salu_config_0_0 = 0
int blue_decrease_equivalent_6_canonicalizer_equivalent_0_sub_stateless_alu_4_3_stateful_alu_2_1_const_4_global = 1
int blue_decrease_equivalent_6_canonicalizer_equivalent_0_sub_stateless_alu_4_3_stateful_alu_3_1_arith_op_0_global = 1
int blue_decrease_equivalent_6_canonicalizer_equivalent_0_sub_stateless_alu_4_3_stateful_alu_1_1_const_4_global = 0
int blue_decrease_equivalent_6_canonicalizer_equivalent_0_sub_stateless_alu_4_3_stateful_alu_1_0_Mux3_3_global = 2
int blue_decrease_equivalent_6_canonicalizer_equivalent_0_sub_stateless_alu_4_3_stateful_alu_0_0_Mux3_4_global = 0
int blue_decrease_equivalent_6_canonicalizer_equivalent_0_sub_stateless_alu_4_3_stateless_alu_3_1_mux3_ctrl = 0
int blue_decrease_equivalent_6_canonicalizer_equivalent_0_sub_stateless_alu_4_3_stateful_alu_3_1_arith_op_1_global = 0
int blue_decrease_equivalent_6_canonicalizer_equivalent_0_sub_stateless_alu_4_3_stateless_alu_1_2_mux3_ctrl = 2
int blue_decrease_equivalent_6_canonicalizer_equivalent_0_sub_stateless_alu_4_3_stateless_alu_2_2_mux2_ctrl = 1
int blue_decrease_equivalent_6_canonicalizer_equivalent_0_sub_stateless_alu_4_3_output_mux_phv_2_0_ctrl = 2
int blue_decrease_equivalent_6_canonicalizer_equivalent_0_sub_stateless_alu_4_3_stateless_alu_3_1_mux1_ctrl = 0
int blue_decrease_equivalent_6_canonicalizer_equivalent_0_sub_stateless_alu_4_3_stateful_alu_0_1_Mux3_2_global = 3
int blue_decrease_equivalent_6_canonicalizer_equivalent_0_sub_stateless_alu_4_3_stateful_alu_0_1_Opt_2_global = 0
int blue_decrease_equivalent_6_canonicalizer_equivalent_0_sub_stateless_alu_4_3_stateful_alu_0_0_Opt_1_global = 0
int blue_decrease_equivalent_6_canonicalizer_equivalent_0_sub_stateless_alu_4_3_stateful_alu_3_1_rel_op_0_global = 2
int blue_decrease_equivalent_6_canonicalizer_equivalent_0_sub_stateless_alu_4_3_stateful_alu_1_1_Opt_2_global = 0
int blue_decrease_equivalent_6_canonicalizer_equivalent_0_sub_stateless_alu_4_3_stateful_alu_2_1_arith_op_1_global = 0
int blue_decrease_equivalent_6_canonicalizer_equivalent_0_sub_stateless_alu_4_3_stateful_alu_1_1_arith_op_1_global = 0
int blue_decrease_equivalent_6_canonicalizer_equivalent_0_sub_stateless_alu_4_3_stateful_alu_0_1_Mux3_4_global = 2
int blue_decrease_equivalent_6_canonicalizer_equivalent_0_sub_stateless_alu_4_3_stateless_alu_2_1_mux1_ctrl = 1
int blue_decrease_equivalent_6_canonicalizer_equivalent_0_sub_stateless_alu_4_3_stateful_alu_0_1_Opt_0_global = 1
int blue_decrease_equivalent_6_canonicalizer_equivalent_0_sub_stateless_alu_4_3_stateful_alu_2_1_Mux3_3_global = 3
int blue_decrease_equivalent_6_canonicalizer_equivalent_0_sub_stateless_alu_4_3_stateless_alu_3_2_immediate = 0
int blue_decrease_equivalent_6_canonicalizer_equivalent_0_sub_stateless_alu_4_3_output_mux_phv_3_1_ctrl = 3
int blue_decrease_equivalent_6_canonicalizer_equivalent_0_sub_stateless_alu_4_3_stateful_alu_3_0_Mux3_2_global = 2
int blue_decrease_equivalent_6_canonicalizer_equivalent_0_sub_stateless_alu_4_3_stateless_alu_2_0_mux3_ctrl = 3
int blue_decrease_equivalent_6_canonicalizer_equivalent_0_sub_stateless_alu_4_3_stateful_alu_0_0_Mux3_0_global = 1
int blue_decrease_equivalent_6_canonicalizer_equivalent_0_sub_stateless_alu_4_3_stateful_alu_2_1_const_3_global = 3
int blue_decrease_equivalent_6_canonicalizer_equivalent_0_sub_stateless_alu_4_3_stateful_alu_1_1_Mux3_4_global = 3
int blue_decrease_equivalent_6_canonicalizer_equivalent_0_sub_stateless_alu_4_3_stateless_alu_3_1_immediate = 1
int blue_decrease_equivalent_6_canonicalizer_equivalent_0_sub_stateless_alu_4_3_stateful_alu_1_0_const_1_global = 3
int blue_decrease_equivalent_6_canonicalizer_equivalent_0_sub_stateless_alu_4_3_stateful_alu_0_1_const_2_global = 1
int blue_decrease_equivalent_6_canonicalizer_equivalent_0_sub_stateless_alu_4_3_stateless_alu_0_2_mux3_ctrl = 3
int blue_decrease_equivalent_6_canonicalizer_equivalent_0_sub_stateless_alu_4_3_stateless_alu_2_0_immediate = 2
int blue_decrease_equivalent_6_canonicalizer_equivalent_0_sub_stateless_alu_4_3_stateful_alu_2_0_const_3_global = 0
int blue_decrease_equivalent_6_canonicalizer_equivalent_0_sub_stateless_alu_4_3_stateful_alu_1_1_const_1_global = 0
int blue_decrease_equivalent_6_canonicalizer_equivalent_0_sub_stateless_alu_4_3_stateful_operand_mux_1_0_0_ctrl = 3
int blue_decrease_equivalent_6_canonicalizer_equivalent_0_sub_stateless_alu_4_3_stateful_alu_2_0_Mux3_4_global = 2
int blue_decrease_equivalent_6_canonicalizer_equivalent_0_sub_stateless_alu_4_3_stateful_operand_mux_0_1_0_ctrl = 0
int blue_decrease_equivalent_6_canonicalizer_equivalent_0_sub_stateless_alu_4_3_stateless_alu_2_0_opcode = 5
int blue_decrease_equivalent_6_canonicalizer_equivalent_0_sub_stateless_alu_4_3_stateless_alu_0_1_immediate = 2
int blue_decrease_equivalent_6_canonicalizer_equivalent_0_sub_stateless_alu_4_3_stateful_alu_0_0_Mux3_1_global = 0
int blue_decrease_equivalent_6_canonicalizer_equivalent_0_sub_stateless_alu_4_3_stateful_alu_2_0_arith_op_0_global = 1
int blue_decrease_equivalent_6_canonicalizer_equivalent_0_sub_stateless_alu_4_3_stateful_alu_1_0_Mux3_1_global = 2
int blue_decrease_equivalent_6_canonicalizer_equivalent_0_sub_stateless_alu_4_3_stateful_alu_3_1_Mux3_2_global = 0
int blue_decrease_equivalent_6_canonicalizer_equivalent_0_sub_stateless_alu_4_3_stateful_alu_0_1_arith_op_0_global = 0
int blue_decrease_equivalent_6_canonicalizer_equivalent_0_sub_stateless_alu_4_3_stateful_alu_3_0_const_4_global = 0
int blue_decrease_equivalent_6_canonicalizer_equivalent_0_sub_stateless_alu_4_3_stateless_alu_0_1_mux3_ctrl = 2
int blue_decrease_equivalent_6_canonicalizer_equivalent_0_sub_stateless_alu_4_3_stateful_alu_3_1_Mux3_3_global = 1
int blue_decrease_equivalent_6_canonicalizer_equivalent_0_sub_stateless_alu_4_3_stateless_alu_1_0_mux1_ctrl = 0
int blue_decrease_equivalent_6_canonicalizer_equivalent_0_sub_stateless_alu_4_3_stateful_alu_0_1_rel_op_0_global = 2
int blue_decrease_equivalent_6_canonicalizer_equivalent_0_sub_stateless_alu_4_3_stateful_alu_1_1_Opt_0_global = 0
int blue_decrease_equivalent_6_canonicalizer_equivalent_0_sub_stateless_alu_4_3_stateless_alu_0_2_mux1_ctrl = 0
int blue_decrease_equivalent_6_canonicalizer_equivalent_0_sub_stateless_alu_4_3_stateful_alu_0_0_Mux3_2_global = 2
int blue_decrease_equivalent_6_canonicalizer_equivalent_0_sub_stateless_alu_4_3_stateful_alu_1_0_Opt_1_global = 1
int blue_decrease_equivalent_6_canonicalizer_equivalent_0_sub_stateless_alu_4_3_stateful_alu_3_1_Mux3_0_global = 0
int blue_decrease_equivalent_6_canonicalizer_equivalent_0_sub_stateless_alu_4_3_stateful_alu_3_1_Opt_2_global = 0
int blue_decrease_equivalent_6_canonicalizer_equivalent_0_sub_stateless_alu_4_3_stateful_alu_3_0_Opt_2_global = 0
int blue_decrease_equivalent_6_canonicalizer_equivalent_0_sub_stateless_alu_4_3_stateful_alu_2_0_const_2_global = 3
int blue_decrease_equivalent_6_canonicalizer_equivalent_0_sub_stateless_alu_4_3_stateful_alu_2_0_rel_op_0_global = 3
int blue_decrease_equivalent_6_canonicalizer_equivalent_0_sub_stateless_alu_4_3_stateful_alu_0_0_const_0_global = 0
int blue_decrease_equivalent_6_canonicalizer_equivalent_0_sub_stateless_alu_4_3_stateful_alu_2_1_const_0_global = 1
int blue_decrease_equivalent_6_canonicalizer_equivalent_0_sub_stateless_alu_4_3_output_mux_phv_1_1_ctrl = 3
int blue_decrease_equivalent_6_canonicalizer_equivalent_0_sub_stateless_alu_4_3_stateful_alu_2_1_Opt_2_global = 0
Output left in blue_decrease_equivalent_6_canonicalizer_equivalent_0_sub_stateless_alu_4_3.success