Iteration #1
Total number of hole bits is 74
Sketch file is marple_new_flow_equivalent_9_canonicalizer_equivalent_0_pred_raw_stateless_alu_2_2_codegen_iteration_1.sk
marple_new_flow_equivalent_9_canonicalizer_equivalent_0_pred_raw_stateless_alu_2_2_codegen_iteration_1.sk passed syntax check. 
Synthesis succeeded with 2 bits, proceeding to verification.
marple_new_flow_equivalent_9_canonicalizer_equivalent_0_pred_raw_stateless_alu_2_2_verify_iter_1.sk passed syntax check. 
Failed to generate counterexamples, z3 returned unsat
Compilation succeeded. Hole value assignments are following:
int marple_new_flow_equivalent_9_canonicalizer_equivalent_0_pred_raw_stateless_alu_2_2_stateless_alu_1_1_mux3_ctrl = 0
int marple_new_flow_equivalent_9_canonicalizer_equivalent_0_pred_raw_stateless_alu_2_2_output_mux_phv_1_0_ctrl = 1
int marple_new_flow_equivalent_9_canonicalizer_equivalent_0_pred_raw_stateless_alu_2_2_stateless_alu_1_0_mux1_ctrl = 0
int marple_new_flow_equivalent_9_canonicalizer_equivalent_0_pred_raw_stateless_alu_2_2_stateful_alu_0_0_rel_op_0_global = 3
int marple_new_flow_equivalent_9_canonicalizer_equivalent_0_pred_raw_stateless_alu_2_2_salu_config_0_0 = 1
int marple_new_flow_equivalent_9_canonicalizer_equivalent_0_pred_raw_stateless_alu_2_2_stateless_alu_0_0_mux1_ctrl = 0
int marple_new_flow_equivalent_9_canonicalizer_equivalent_0_pred_raw_stateless_alu_2_2_stateless_alu_0_1_mux2_ctrl = 0
int marple_new_flow_equivalent_9_canonicalizer_equivalent_0_pred_raw_stateless_alu_2_2_stateful_operand_mux_1_0_0_ctrl = 1
int marple_new_flow_equivalent_9_canonicalizer_equivalent_0_pred_raw_stateless_alu_2_2_stateful_alu_1_0_rel_op_0_global = 3
int marple_new_flow_equivalent_9_canonicalizer_equivalent_0_pred_raw_stateless_alu_2_2_stateful_alu_0_0_Opt_0_global = 0
int marple_new_flow_equivalent_9_canonicalizer_equivalent_0_pred_raw_stateless_alu_2_2_stateful_alu_0_0_Opt_1_global = 0
int marple_new_flow_equivalent_9_canonicalizer_equivalent_0_pred_raw_stateless_alu_2_2_stateless_alu_0_0_mux3_ctrl = 0
int marple_new_flow_equivalent_9_canonicalizer_equivalent_0_pred_raw_stateless_alu_2_2_stateless_alu_0_1_immediate = 3
int marple_new_flow_equivalent_9_canonicalizer_equivalent_0_pred_raw_stateless_alu_2_2_output_mux_phv_0_1_ctrl = 1
int marple_new_flow_equivalent_9_canonicalizer_equivalent_0_pred_raw_stateless_alu_2_2_stateless_alu_1_0_mux2_ctrl = 1
int marple_new_flow_equivalent_9_canonicalizer_equivalent_0_pred_raw_stateless_alu_2_2_stateful_alu_1_0_const_1_global = 2
int marple_new_flow_equivalent_9_canonicalizer_equivalent_0_pred_raw_stateless_alu_2_2_stateless_alu_1_0_mux3_ctrl = 0
int marple_new_flow_equivalent_9_canonicalizer_equivalent_0_pred_raw_stateless_alu_2_2_stateful_operand_mux_0_0_0_ctrl = 0
int marple_new_flow_equivalent_9_canonicalizer_equivalent_0_pred_raw_stateless_alu_2_2_stateful_alu_0_0_Mux3_1_global = 3
int marple_new_flow_equivalent_9_canonicalizer_equivalent_0_pred_raw_stateless_alu_2_2_stateful_alu_1_0_const_0_global = 3
int marple_new_flow_equivalent_9_canonicalizer_equivalent_0_pred_raw_stateless_alu_2_2_stateful_operand_mux_0_0_1_ctrl = 0
int marple_new_flow_equivalent_9_canonicalizer_equivalent_0_pred_raw_stateless_alu_2_2_stateless_alu_1_1_mux2_ctrl = 0
int marple_new_flow_equivalent_9_canonicalizer_equivalent_0_pred_raw_stateless_alu_2_2_stateful_operand_mux_1_0_1_ctrl = 0
int marple_new_flow_equivalent_9_canonicalizer_equivalent_0_pred_raw_stateless_alu_2_2_stateless_alu_0_0_mux2_ctrl = 0
int marple_new_flow_equivalent_9_canonicalizer_equivalent_0_pred_raw_stateless_alu_2_2_stateless_alu_1_1_mux1_ctrl = 0
int marple_new_flow_equivalent_9_canonicalizer_equivalent_0_pred_raw_stateless_alu_2_2_stateless_alu_1_1_opcode = 0
int marple_new_flow_equivalent_9_canonicalizer_equivalent_0_pred_raw_stateless_alu_2_2_stateless_alu_1_0_immediate = 1
int marple_new_flow_equivalent_9_canonicalizer_equivalent_0_pred_raw_stateless_alu_2_2_stateless_alu_0_0_immediate = 1
int marple_new_flow_equivalent_9_canonicalizer_equivalent_0_pred_raw_stateless_alu_2_2_salu_config_1_0 = 0
int marple_new_flow_equivalent_9_canonicalizer_equivalent_0_pred_raw_stateless_alu_2_2_stateful_alu_0_0_const_1_global = 1
int marple_new_flow_equivalent_9_canonicalizer_equivalent_0_pred_raw_stateless_alu_2_2_stateless_alu_0_1_mux1_ctrl = 0
int marple_new_flow_equivalent_9_canonicalizer_equivalent_0_pred_raw_stateless_alu_2_2_output_mux_phv_1_1_ctrl = 0
int marple_new_flow_equivalent_9_canonicalizer_equivalent_0_pred_raw_stateless_alu_2_2_stateless_alu_0_0_opcode = 15
int marple_new_flow_equivalent_9_canonicalizer_equivalent_0_pred_raw_stateless_alu_2_2_stateless_alu_0_1_mux3_ctrl = 0
int marple_new_flow_equivalent_9_canonicalizer_equivalent_0_pred_raw_stateless_alu_2_2_stateful_alu_0_0_const_0_global = 0
int marple_new_flow_equivalent_9_canonicalizer_equivalent_0_pred_raw_stateless_alu_2_2_stateful_alu_1_0_Opt_0_global = 0
int marple_new_flow_equivalent_9_canonicalizer_equivalent_0_pred_raw_stateless_alu_2_2_stateful_alu_1_0_Mux3_1_global = 1
int marple_new_flow_equivalent_9_canonicalizer_equivalent_0_pred_raw_stateless_alu_2_2_stateful_alu_1_0_Opt_1_global = 0
int marple_new_flow_equivalent_9_canonicalizer_equivalent_0_pred_raw_stateless_alu_2_2_stateless_alu_0_1_opcode = 14
int marple_new_flow_equivalent_9_canonicalizer_equivalent_0_pred_raw_stateless_alu_2_2_stateful_alu_1_0_Mux3_0_global = 2
int marple_new_flow_equivalent_9_canonicalizer_equivalent_0_pred_raw_stateless_alu_2_2_stateless_alu_1_1_immediate = 0
int marple_new_flow_equivalent_9_canonicalizer_equivalent_0_pred_raw_stateless_alu_2_2_stateless_alu_1_0_opcode = 15
int marple_new_flow_equivalent_9_canonicalizer_equivalent_0_pred_raw_stateless_alu_2_2_output_mux_phv_0_0_ctrl = 0
int marple_new_flow_equivalent_9_canonicalizer_equivalent_0_pred_raw_stateless_alu_2_2_stateful_alu_0_0_Mux3_0_global = 2
Output left in marple_new_flow_equivalent_9_canonicalizer_equivalent_0_pred_raw_stateless_alu_2_2.success