Iteration #1
Total number of hole bits is 237
Sketch file is marple_tcp_nmo_equivalent_10_canonicalizer_equivalent_0_pred_raw_stateless_alu_3_3_codegen_iteration_1.sk
Synthesis succeeded with 2 bits, proceeding to verification.
marple_tcp_nmo_equivalent_10_canonicalizer_equivalent_0_pred_raw_stateless_alu_3_3_verify_iter_1.sk passed syntax check. 
Failed to generate counterexamples, z3 returned unsat
Compilation succeeded. Hole value assignments are following:
int marple_tcp_nmo_equivalent_10_canonicalizer_equivalent_0_pred_raw_stateless_alu_3_3_stateful_alu_0_0_Mux3_0_global = 0
int marple_tcp_nmo_equivalent_10_canonicalizer_equivalent_0_pred_raw_stateless_alu_3_3_output_mux_phv_1_0_ctrl = 3
int marple_tcp_nmo_equivalent_10_canonicalizer_equivalent_0_pred_raw_stateless_alu_3_3_stateful_operand_mux_2_0_1_ctrl = 0
int marple_tcp_nmo_equivalent_10_canonicalizer_equivalent_0_pred_raw_stateless_alu_3_3_stateless_alu_1_0_mux3_ctrl = 2
int marple_tcp_nmo_equivalent_10_canonicalizer_equivalent_0_pred_raw_stateless_alu_3_3_output_mux_phv_2_1_ctrl = 0
int marple_tcp_nmo_equivalent_10_canonicalizer_equivalent_0_pred_raw_stateless_alu_3_3_stateful_alu_1_1_const_1_global = 0
int marple_tcp_nmo_equivalent_10_canonicalizer_equivalent_0_pred_raw_stateless_alu_3_3_stateless_alu_0_0_mux1_ctrl = 0
int marple_tcp_nmo_equivalent_10_canonicalizer_equivalent_0_pred_raw_stateless_alu_3_3_stateful_alu_1_0_const_1_global = 0
int marple_tcp_nmo_equivalent_10_canonicalizer_equivalent_0_pred_raw_stateless_alu_3_3_stateful_alu_2_1_Mux3_0_global = 0
int marple_tcp_nmo_equivalent_10_canonicalizer_equivalent_0_pred_raw_stateless_alu_3_3_stateless_alu_2_0_opcode = 4
int marple_tcp_nmo_equivalent_10_canonicalizer_equivalent_0_pred_raw_stateless_alu_3_3_stateful_alu_2_1_const_1_global = 0
int marple_tcp_nmo_equivalent_10_canonicalizer_equivalent_0_pred_raw_stateless_alu_3_3_stateless_alu_0_2_mux3_ctrl = 1
int marple_tcp_nmo_equivalent_10_canonicalizer_equivalent_0_pred_raw_stateless_alu_3_3_stateless_alu_0_1_immediate = 0
int marple_tcp_nmo_equivalent_10_canonicalizer_equivalent_0_pred_raw_stateless_alu_3_3_stateless_alu_1_1_mux3_ctrl = 1
int marple_tcp_nmo_equivalent_10_canonicalizer_equivalent_0_pred_raw_stateless_alu_3_3_stateful_alu_1_0_Mux3_0_global = 1
int marple_tcp_nmo_equivalent_10_canonicalizer_equivalent_0_pred_raw_stateless_alu_3_3_stateless_alu_2_0_mux3_ctrl = 1
int marple_tcp_nmo_equivalent_10_canonicalizer_equivalent_0_pred_raw_stateless_alu_3_3_stateful_alu_0_0_const_1_global = 2
int marple_tcp_nmo_equivalent_10_canonicalizer_equivalent_0_pred_raw_stateless_alu_3_3_stateless_alu_2_1_opcode = 1
int marple_tcp_nmo_equivalent_10_canonicalizer_equivalent_0_pred_raw_stateless_alu_3_3_stateful_alu_0_0_Mux3_1_global = 2
int marple_tcp_nmo_equivalent_10_canonicalizer_equivalent_0_pred_raw_stateless_alu_3_3_stateful_alu_2_0_Mux3_0_global = 0
int marple_tcp_nmo_equivalent_10_canonicalizer_equivalent_0_pred_raw_stateless_alu_3_3_salu_config_1_1 = 0
int marple_tcp_nmo_equivalent_10_canonicalizer_equivalent_0_pred_raw_stateless_alu_3_3_stateful_alu_0_1_Mux3_0_global = 0
int marple_tcp_nmo_equivalent_10_canonicalizer_equivalent_0_pred_raw_stateless_alu_3_3_stateless_alu_1_1_mux2_ctrl = 3
int marple_tcp_nmo_equivalent_10_canonicalizer_equivalent_0_pred_raw_stateless_alu_3_3_stateless_alu_1_1_immediate = 2
int marple_tcp_nmo_equivalent_10_canonicalizer_equivalent_0_pred_raw_stateless_alu_3_3_output_mux_phv_1_1_ctrl = 2
int marple_tcp_nmo_equivalent_10_canonicalizer_equivalent_0_pred_raw_stateless_alu_3_3_stateless_alu_0_1_mux3_ctrl = 0
int marple_tcp_nmo_equivalent_10_canonicalizer_equivalent_0_pred_raw_stateless_alu_3_3_stateful_alu_1_1_Mux3_0_global = 2
int marple_tcp_nmo_equivalent_10_canonicalizer_equivalent_0_pred_raw_stateless_alu_3_3_output_mux_phv_0_2_ctrl = 3
int marple_tcp_nmo_equivalent_10_canonicalizer_equivalent_0_pred_raw_stateless_alu_3_3_stateful_alu_1_1_rel_op_0_global = 2
int marple_tcp_nmo_equivalent_10_canonicalizer_equivalent_0_pred_raw_stateless_alu_3_3_stateless_alu_2_2_mux2_ctrl = 0
int marple_tcp_nmo_equivalent_10_canonicalizer_equivalent_0_pred_raw_stateless_alu_3_3_stateless_alu_1_0_mux2_ctrl = 2
int marple_tcp_nmo_equivalent_10_canonicalizer_equivalent_0_pred_raw_stateless_alu_3_3_stateful_alu_2_0_Opt_1_global = 0
int marple_tcp_nmo_equivalent_10_canonicalizer_equivalent_0_pred_raw_stateless_alu_3_3_stateful_operand_mux_2_1_1_ctrl = 1
int marple_tcp_nmo_equivalent_10_canonicalizer_equivalent_0_pred_raw_stateless_alu_3_3_output_mux_phv_2_0_ctrl = 3
int marple_tcp_nmo_equivalent_10_canonicalizer_equivalent_0_pred_raw_stateless_alu_3_3_stateful_operand_mux_1_0_0_ctrl = 1
int marple_tcp_nmo_equivalent_10_canonicalizer_equivalent_0_pred_raw_stateless_alu_3_3_stateful_alu_2_0_Mux3_1_global = 2
int marple_tcp_nmo_equivalent_10_canonicalizer_equivalent_0_pred_raw_stateless_alu_3_3_stateless_alu_2_2_immediate = 0
int marple_tcp_nmo_equivalent_10_canonicalizer_equivalent_0_pred_raw_stateless_alu_3_3_stateless_alu_0_1_mux1_ctrl = 0
int marple_tcp_nmo_equivalent_10_canonicalizer_equivalent_0_pred_raw_stateless_alu_3_3_stateful_alu_2_1_Opt_1_global = 0
int marple_tcp_nmo_equivalent_10_canonicalizer_equivalent_0_pred_raw_stateless_alu_3_3_stateful_alu_1_1_Opt_1_global = 0
int marple_tcp_nmo_equivalent_10_canonicalizer_equivalent_0_pred_raw_stateless_alu_3_3_salu_config_2_1 = 0
int marple_tcp_nmo_equivalent_10_canonicalizer_equivalent_0_pred_raw_stateless_alu_3_3_stateful_alu_2_0_const_1_global = 1
int marple_tcp_nmo_equivalent_10_canonicalizer_equivalent_0_pred_raw_stateless_alu_3_3_stateful_operand_mux_0_1_1_ctrl = 1
int marple_tcp_nmo_equivalent_10_canonicalizer_equivalent_0_pred_raw_stateless_alu_3_3_stateless_alu_1_1_mux1_ctrl = 1
int marple_tcp_nmo_equivalent_10_canonicalizer_equivalent_0_pred_raw_stateless_alu_3_3_salu_config_0_1 = 1
int marple_tcp_nmo_equivalent_10_canonicalizer_equivalent_0_pred_raw_stateless_alu_3_3_salu_config_2_0 = 1
int marple_tcp_nmo_equivalent_10_canonicalizer_equivalent_0_pred_raw_stateless_alu_3_3_stateless_alu_0_2_mux2_ctrl = 1
int marple_tcp_nmo_equivalent_10_canonicalizer_equivalent_0_pred_raw_stateless_alu_3_3_stateless_alu_1_2_immediate = 1
int marple_tcp_nmo_equivalent_10_canonicalizer_equivalent_0_pred_raw_stateless_alu_3_3_stateless_alu_2_1_mux2_ctrl = 2
int marple_tcp_nmo_equivalent_10_canonicalizer_equivalent_0_pred_raw_stateless_alu_3_3_stateless_alu_0_0_mux3_ctrl = 0
int marple_tcp_nmo_equivalent_10_canonicalizer_equivalent_0_pred_raw_stateless_alu_3_3_stateless_alu_1_2_opcode = 5
int marple_tcp_nmo_equivalent_10_canonicalizer_equivalent_0_pred_raw_stateless_alu_3_3_stateful_alu_1_0_rel_op_0_global = 1
int marple_tcp_nmo_equivalent_10_canonicalizer_equivalent_0_pred_raw_stateless_alu_3_3_stateful_alu_1_1_Opt_0_global = 0
int marple_tcp_nmo_equivalent_10_canonicalizer_equivalent_0_pred_raw_stateless_alu_3_3_stateless_alu_0_2_opcode = 5
int marple_tcp_nmo_equivalent_10_canonicalizer_equivalent_0_pred_raw_stateless_alu_3_3_stateful_operand_mux_0_0_0_ctrl = 1
int marple_tcp_nmo_equivalent_10_canonicalizer_equivalent_0_pred_raw_stateless_alu_3_3_stateful_alu_1_1_Mux3_1_global = 0
int marple_tcp_nmo_equivalent_10_canonicalizer_equivalent_0_pred_raw_stateless_alu_3_3_stateful_alu_0_0_const_0_global = 2
int marple_tcp_nmo_equivalent_10_canonicalizer_equivalent_0_pred_raw_stateless_alu_3_3_stateless_alu_1_2_mux3_ctrl = 0
int marple_tcp_nmo_equivalent_10_canonicalizer_equivalent_0_pred_raw_stateless_alu_3_3_stateless_alu_2_0_mux1_ctrl = 3
int marple_tcp_nmo_equivalent_10_canonicalizer_equivalent_0_pred_raw_stateless_alu_3_3_stateless_alu_1_0_immediate = 1
int marple_tcp_nmo_equivalent_10_canonicalizer_equivalent_0_pred_raw_stateless_alu_3_3_stateless_alu_1_0_opcode = 1
int marple_tcp_nmo_equivalent_10_canonicalizer_equivalent_0_pred_raw_stateless_alu_3_3_stateless_alu_2_2_mux1_ctrl = 1
int marple_tcp_nmo_equivalent_10_canonicalizer_equivalent_0_pred_raw_stateless_alu_3_3_stateful_alu_2_1_const_0_global = 0
int marple_tcp_nmo_equivalent_10_canonicalizer_equivalent_0_pred_raw_stateless_alu_3_3_stateless_alu_1_2_mux2_ctrl = 2
int marple_tcp_nmo_equivalent_10_canonicalizer_equivalent_0_pred_raw_stateless_alu_3_3_stateful_alu_2_1_Mux3_1_global = 1
int marple_tcp_nmo_equivalent_10_canonicalizer_equivalent_0_pred_raw_stateless_alu_3_3_stateful_operand_mux_1_1_1_ctrl = 2
int marple_tcp_nmo_equivalent_10_canonicalizer_equivalent_0_pred_raw_stateless_alu_3_3_stateful_alu_2_1_Opt_0_global = 0
int marple_tcp_nmo_equivalent_10_canonicalizer_equivalent_0_pred_raw_stateless_alu_3_3_stateful_alu_0_0_Opt_0_global = 0
int marple_tcp_nmo_equivalent_10_canonicalizer_equivalent_0_pred_raw_stateless_alu_3_3_output_mux_phv_2_2_ctrl = 0
int marple_tcp_nmo_equivalent_10_canonicalizer_equivalent_0_pred_raw_stateless_alu_3_3_stateful_alu_1_0_Mux3_1_global = 2
int marple_tcp_nmo_equivalent_10_canonicalizer_equivalent_0_pred_raw_stateless_alu_3_3_stateless_alu_0_2_mux1_ctrl = 0
int marple_tcp_nmo_equivalent_10_canonicalizer_equivalent_0_pred_raw_stateless_alu_3_3_output_mux_phv_0_0_ctrl = 1
int marple_tcp_nmo_equivalent_10_canonicalizer_equivalent_0_pred_raw_stateless_alu_3_3_salu_config_0_0 = 0
int marple_tcp_nmo_equivalent_10_canonicalizer_equivalent_0_pred_raw_stateless_alu_3_3_stateless_alu_1_1_opcode = 3
int marple_tcp_nmo_equivalent_10_canonicalizer_equivalent_0_pred_raw_stateless_alu_3_3_stateful_alu_0_1_Opt_0_global = 0
int marple_tcp_nmo_equivalent_10_canonicalizer_equivalent_0_pred_raw_stateless_alu_3_3_stateful_alu_2_0_rel_op_0_global = 1
int marple_tcp_nmo_equivalent_10_canonicalizer_equivalent_0_pred_raw_stateless_alu_3_3_stateless_alu_0_0_mux2_ctrl = 0
int marple_tcp_nmo_equivalent_10_canonicalizer_equivalent_0_pred_raw_stateless_alu_3_3_stateless_alu_2_1_mux3_ctrl = 0
int marple_tcp_nmo_equivalent_10_canonicalizer_equivalent_0_pred_raw_stateless_alu_3_3_stateful_alu_2_0_const_0_global = 0
int marple_tcp_nmo_equivalent_10_canonicalizer_equivalent_0_pred_raw_stateless_alu_3_3_output_mux_phv_1_2_ctrl = 2
int marple_tcp_nmo_equivalent_10_canonicalizer_equivalent_0_pred_raw_stateless_alu_3_3_stateful_alu_0_1_Opt_1_global = 1
int marple_tcp_nmo_equivalent_10_canonicalizer_equivalent_0_pred_raw_stateless_alu_3_3_output_mux_phv_0_1_ctrl = 3
int marple_tcp_nmo_equivalent_10_canonicalizer_equivalent_0_pred_raw_stateless_alu_3_3_stateful_alu_1_0_Opt_1_global = 0
int marple_tcp_nmo_equivalent_10_canonicalizer_equivalent_0_pred_raw_stateless_alu_3_3_stateless_alu_0_2_immediate = 0
int marple_tcp_nmo_equivalent_10_canonicalizer_equivalent_0_pred_raw_stateless_alu_3_3_stateful_alu_0_1_const_0_global = 1
int marple_tcp_nmo_equivalent_10_canonicalizer_equivalent_0_pred_raw_stateless_alu_3_3_salu_config_1_0 = 0
int marple_tcp_nmo_equivalent_10_canonicalizer_equivalent_0_pred_raw_stateless_alu_3_3_stateless_alu_2_2_mux3_ctrl = 0
int marple_tcp_nmo_equivalent_10_canonicalizer_equivalent_0_pred_raw_stateless_alu_3_3_stateful_operand_mux_0_0_1_ctrl = 2
int marple_tcp_nmo_equivalent_10_canonicalizer_equivalent_0_pred_raw_stateless_alu_3_3_stateful_alu_1_0_Opt_0_global = 1
int marple_tcp_nmo_equivalent_10_canonicalizer_equivalent_0_pred_raw_stateless_alu_3_3_stateless_alu_2_0_mux2_ctrl = 3
int marple_tcp_nmo_equivalent_10_canonicalizer_equivalent_0_pred_raw_stateless_alu_3_3_stateful_operand_mux_1_0_1_ctrl = 1
int marple_tcp_nmo_equivalent_10_canonicalizer_equivalent_0_pred_raw_stateless_alu_3_3_stateful_operand_mux_2_0_0_ctrl = 0
int marple_tcp_nmo_equivalent_10_canonicalizer_equivalent_0_pred_raw_stateless_alu_3_3_stateful_alu_1_0_const_0_global = 1
int marple_tcp_nmo_equivalent_10_canonicalizer_equivalent_0_pred_raw_stateless_alu_3_3_stateful_alu_2_1_rel_op_0_global = 2
int marple_tcp_nmo_equivalent_10_canonicalizer_equivalent_0_pred_raw_stateless_alu_3_3_stateless_alu_1_2_mux1_ctrl = 2
int marple_tcp_nmo_equivalent_10_canonicalizer_equivalent_0_pred_raw_stateless_alu_3_3_stateless_alu_1_0_mux1_ctrl = 0
int marple_tcp_nmo_equivalent_10_canonicalizer_equivalent_0_pred_raw_stateless_alu_3_3_stateless_alu_0_1_opcode = 27
int marple_tcp_nmo_equivalent_10_canonicalizer_equivalent_0_pred_raw_stateless_alu_3_3_stateful_operand_mux_2_1_0_ctrl = 0
int marple_tcp_nmo_equivalent_10_canonicalizer_equivalent_0_pred_raw_stateless_alu_3_3_stateful_alu_0_0_rel_op_0_global = 0
int marple_tcp_nmo_equivalent_10_canonicalizer_equivalent_0_pred_raw_stateless_alu_3_3_stateful_alu_1_1_const_0_global = 1
int marple_tcp_nmo_equivalent_10_canonicalizer_equivalent_0_pred_raw_stateless_alu_3_3_stateless_alu_2_1_mux1_ctrl = 0
int marple_tcp_nmo_equivalent_10_canonicalizer_equivalent_0_pred_raw_stateless_alu_3_3_stateful_operand_mux_1_1_0_ctrl = 2
int marple_tcp_nmo_equivalent_10_canonicalizer_equivalent_0_pred_raw_stateless_alu_3_3_stateful_alu_0_1_Mux3_1_global = 0
int marple_tcp_nmo_equivalent_10_canonicalizer_equivalent_0_pred_raw_stateless_alu_3_3_stateful_alu_2_0_Opt_0_global = 1
int marple_tcp_nmo_equivalent_10_canonicalizer_equivalent_0_pred_raw_stateless_alu_3_3_stateless_alu_0_1_mux2_ctrl = 0
int marple_tcp_nmo_equivalent_10_canonicalizer_equivalent_0_pred_raw_stateless_alu_3_3_stateful_operand_mux_0_1_0_ctrl = 0
int marple_tcp_nmo_equivalent_10_canonicalizer_equivalent_0_pred_raw_stateless_alu_3_3_stateless_alu_2_2_opcode = 1
int marple_tcp_nmo_equivalent_10_canonicalizer_equivalent_0_pred_raw_stateless_alu_3_3_stateless_alu_2_0_immediate = 1
int marple_tcp_nmo_equivalent_10_canonicalizer_equivalent_0_pred_raw_stateless_alu_3_3_stateless_alu_2_1_immediate = 0
int marple_tcp_nmo_equivalent_10_canonicalizer_equivalent_0_pred_raw_stateless_alu_3_3_stateless_alu_0_0_opcode = 31
int marple_tcp_nmo_equivalent_10_canonicalizer_equivalent_0_pred_raw_stateless_alu_3_3_stateless_alu_0_0_immediate = 0
int marple_tcp_nmo_equivalent_10_canonicalizer_equivalent_0_pred_raw_stateless_alu_3_3_stateful_alu_0_1_const_1_global = 2
int marple_tcp_nmo_equivalent_10_canonicalizer_equivalent_0_pred_raw_stateless_alu_3_3_stateful_alu_0_0_Opt_1_global = 1
int marple_tcp_nmo_equivalent_10_canonicalizer_equivalent_0_pred_raw_stateless_alu_3_3_stateful_alu_0_1_rel_op_0_global = 1
Output left in marple_tcp_nmo_equivalent_10_canonicalizer_equivalent_0_pred_raw_stateless_alu_3_3.success