Iteration #1
Total number of hole bits is 192
Sketch file is sampling_equivalent_1_canonicalizer_equivalent_0_if_else_raw_stateless_alu_3_3_codegen_iteration_1.sk
sampling_equivalent_1_canonicalizer_equivalent_0_if_else_raw_stateless_alu_3_3_codegen_iteration_1.sk passed syntax check. 
Synthesis succeeded with 2 bits, proceeding to verification.
sampling_equivalent_1_canonicalizer_equivalent_0_if_else_raw_stateless_alu_3_3_verify_iter_1.sk passed syntax check. 
Failed to generate counterexamples, z3 returned unsat
Compilation succeeded. Hole value assignments are following:
int sampling_equivalent_1_canonicalizer_equivalent_0_if_else_raw_stateless_alu_3_3_output_mux_phv_0_2_ctrl = 0
int sampling_equivalent_1_canonicalizer_equivalent_0_if_else_raw_stateless_alu_3_3_stateful_alu_2_0_Mux3_2_global = 0
int sampling_equivalent_1_canonicalizer_equivalent_0_if_else_raw_stateless_alu_3_3_stateless_alu_0_1_mux2_ctrl = 0
int sampling_equivalent_1_canonicalizer_equivalent_0_if_else_raw_stateless_alu_3_3_stateless_alu_0_2_mux3_ctrl = 0
int sampling_equivalent_1_canonicalizer_equivalent_0_if_else_raw_stateless_alu_3_3_stateless_alu_0_0_immediate = 3
int sampling_equivalent_1_canonicalizer_equivalent_0_if_else_raw_stateless_alu_3_3_stateless_alu_0_1_opcode = 4
int sampling_equivalent_1_canonicalizer_equivalent_0_if_else_raw_stateless_alu_3_3_stateless_alu_1_2_mux2_ctrl = 0
int sampling_equivalent_1_canonicalizer_equivalent_0_if_else_raw_stateless_alu_3_3_stateful_alu_2_0_const_1_global = 1
int sampling_equivalent_1_canonicalizer_equivalent_0_if_else_raw_stateless_alu_3_3_stateless_alu_2_0_mux1_ctrl = 1
int sampling_equivalent_1_canonicalizer_equivalent_0_if_else_raw_stateless_alu_3_3_stateful_alu_0_0_Mux3_0_global = 0
int sampling_equivalent_1_canonicalizer_equivalent_0_if_else_raw_stateless_alu_3_3_output_mux_phv_2_2_ctrl = 0
int sampling_equivalent_1_canonicalizer_equivalent_0_if_else_raw_stateless_alu_3_3_stateless_alu_1_1_immediate = 0
int sampling_equivalent_1_canonicalizer_equivalent_0_if_else_raw_stateless_alu_3_3_stateful_alu_0_0_Opt_2_global = 0
int sampling_equivalent_1_canonicalizer_equivalent_0_if_else_raw_stateless_alu_3_3_stateless_alu_2_1_mux1_ctrl = 1
int sampling_equivalent_1_canonicalizer_equivalent_0_if_else_raw_stateless_alu_3_3_stateful_alu_1_0_rel_op_0_global = 0
int sampling_equivalent_1_canonicalizer_equivalent_0_if_else_raw_stateless_alu_3_3_stateless_alu_2_1_opcode = 1
int sampling_equivalent_1_canonicalizer_equivalent_0_if_else_raw_stateless_alu_3_3_stateless_alu_0_0_mux3_ctrl = 2
int sampling_equivalent_1_canonicalizer_equivalent_0_if_else_raw_stateless_alu_3_3_output_mux_phv_1_2_ctrl = 1
int sampling_equivalent_1_canonicalizer_equivalent_0_if_else_raw_stateless_alu_3_3_stateless_alu_2_2_mux1_ctrl = 0
int sampling_equivalent_1_canonicalizer_equivalent_0_if_else_raw_stateless_alu_3_3_salu_config_2_0 = 0
int sampling_equivalent_1_canonicalizer_equivalent_0_if_else_raw_stateless_alu_3_3_stateful_alu_0_0_Opt_0_global = 0
int sampling_equivalent_1_canonicalizer_equivalent_0_if_else_raw_stateless_alu_3_3_stateless_alu_0_0_opcode = 4
int sampling_equivalent_1_canonicalizer_equivalent_0_if_else_raw_stateless_alu_3_3_output_mux_phv_2_0_ctrl = 1
int sampling_equivalent_1_canonicalizer_equivalent_0_if_else_raw_stateless_alu_3_3_stateful_operand_mux_1_0_0_ctrl = 1
int sampling_equivalent_1_canonicalizer_equivalent_0_if_else_raw_stateless_alu_3_3_output_mux_phv_1_1_ctrl = 0
int sampling_equivalent_1_canonicalizer_equivalent_0_if_else_raw_stateless_alu_3_3_stateful_alu_2_0_Mux3_0_global = 3
int sampling_equivalent_1_canonicalizer_equivalent_0_if_else_raw_stateless_alu_3_3_stateless_alu_0_2_mux2_ctrl = 2
int sampling_equivalent_1_canonicalizer_equivalent_0_if_else_raw_stateless_alu_3_3_stateful_operand_mux_2_0_0_ctrl = 0
int sampling_equivalent_1_canonicalizer_equivalent_0_if_else_raw_stateless_alu_3_3_stateful_alu_0_0_Mux3_2_global = 1
int sampling_equivalent_1_canonicalizer_equivalent_0_if_else_raw_stateless_alu_3_3_stateless_alu_2_0_mux3_ctrl = 0
int sampling_equivalent_1_canonicalizer_equivalent_0_if_else_raw_stateless_alu_3_3_stateless_alu_1_0_opcode = 18
int sampling_equivalent_1_canonicalizer_equivalent_0_if_else_raw_stateless_alu_3_3_stateless_alu_0_0_mux1_ctrl = 0
int sampling_equivalent_1_canonicalizer_equivalent_0_if_else_raw_stateless_alu_3_3_stateful_alu_0_0_const_2_global = 0
int sampling_equivalent_1_canonicalizer_equivalent_0_if_else_raw_stateless_alu_3_3_stateful_alu_1_0_const_2_global = 0
int sampling_equivalent_1_canonicalizer_equivalent_0_if_else_raw_stateless_alu_3_3_stateful_alu_2_0_Opt_1_global = 0
int sampling_equivalent_1_canonicalizer_equivalent_0_if_else_raw_stateless_alu_3_3_stateful_alu_0_0_Mux3_1_global = 3
int sampling_equivalent_1_canonicalizer_equivalent_0_if_else_raw_stateless_alu_3_3_stateless_alu_1_1_mux1_ctrl = 0
int sampling_equivalent_1_canonicalizer_equivalent_0_if_else_raw_stateless_alu_3_3_stateless_alu_1_2_mux3_ctrl = 1
int sampling_equivalent_1_canonicalizer_equivalent_0_if_else_raw_stateless_alu_3_3_stateful_alu_1_0_Opt_1_global = 0
int sampling_equivalent_1_canonicalizer_equivalent_0_if_else_raw_stateless_alu_3_3_stateful_alu_0_0_rel_op_0_global = 1
int sampling_equivalent_1_canonicalizer_equivalent_0_if_else_raw_stateless_alu_3_3_stateful_alu_0_0_Opt_1_global = 0
int sampling_equivalent_1_canonicalizer_equivalent_0_if_else_raw_stateless_alu_3_3_stateless_alu_2_2_mux3_ctrl = 0
int sampling_equivalent_1_canonicalizer_equivalent_0_if_else_raw_stateless_alu_3_3_stateless_alu_1_1_opcode = 15
int sampling_equivalent_1_canonicalizer_equivalent_0_if_else_raw_stateless_alu_3_3_stateless_alu_2_1_mux3_ctrl = 0
int sampling_equivalent_1_canonicalizer_equivalent_0_if_else_raw_stateless_alu_3_3_salu_config_1_0 = 1
int sampling_equivalent_1_canonicalizer_equivalent_0_if_else_raw_stateless_alu_3_3_stateless_alu_1_0_mux2_ctrl = 1
int sampling_equivalent_1_canonicalizer_equivalent_0_if_else_raw_stateless_alu_3_3_stateless_alu_0_1_immediate = 2
int sampling_equivalent_1_canonicalizer_equivalent_0_if_else_raw_stateless_alu_3_3_stateless_alu_2_0_opcode = 9
int sampling_equivalent_1_canonicalizer_equivalent_0_if_else_raw_stateless_alu_3_3_stateful_alu_1_0_Opt_0_global = 0
int sampling_equivalent_1_canonicalizer_equivalent_0_if_else_raw_stateless_alu_3_3_stateful_alu_0_0_const_1_global = 1
int sampling_equivalent_1_canonicalizer_equivalent_0_if_else_raw_stateless_alu_3_3_stateful_alu_1_0_const_1_global = 1
int sampling_equivalent_1_canonicalizer_equivalent_0_if_else_raw_stateless_alu_3_3_stateless_alu_2_2_immediate = 0
int sampling_equivalent_1_canonicalizer_equivalent_0_if_else_raw_stateless_alu_3_3_stateful_alu_1_0_const_0_global = 2
int sampling_equivalent_1_canonicalizer_equivalent_0_if_else_raw_stateless_alu_3_3_stateless_alu_2_2_mux2_ctrl = 2
int sampling_equivalent_1_canonicalizer_equivalent_0_if_else_raw_stateless_alu_3_3_stateful_alu_1_0_Opt_2_global = 1
int sampling_equivalent_1_canonicalizer_equivalent_0_if_else_raw_stateless_alu_3_3_stateful_alu_2_0_Opt_2_global = 1
int sampling_equivalent_1_canonicalizer_equivalent_0_if_else_raw_stateless_alu_3_3_stateless_alu_1_2_immediate = 3
int sampling_equivalent_1_canonicalizer_equivalent_0_if_else_raw_stateless_alu_3_3_salu_config_0_0 = 0
int sampling_equivalent_1_canonicalizer_equivalent_0_if_else_raw_stateless_alu_3_3_stateless_alu_1_0_mux3_ctrl = 1
int sampling_equivalent_1_canonicalizer_equivalent_0_if_else_raw_stateless_alu_3_3_stateful_operand_mux_0_0_1_ctrl = 0
int sampling_equivalent_1_canonicalizer_equivalent_0_if_else_raw_stateless_alu_3_3_stateful_alu_2_0_rel_op_0_global = 3
int sampling_equivalent_1_canonicalizer_equivalent_0_if_else_raw_stateless_alu_3_3_stateless_alu_0_1_mux3_ctrl = 1
int sampling_equivalent_1_canonicalizer_equivalent_0_if_else_raw_stateless_alu_3_3_stateless_alu_1_0_mux1_ctrl = 1
int sampling_equivalent_1_canonicalizer_equivalent_0_if_else_raw_stateless_alu_3_3_stateless_alu_0_1_mux1_ctrl = 0
int sampling_equivalent_1_canonicalizer_equivalent_0_if_else_raw_stateless_alu_3_3_stateless_alu_0_2_immediate = 3
int sampling_equivalent_1_canonicalizer_equivalent_0_if_else_raw_stateless_alu_3_3_stateless_alu_1_0_immediate = 0
int sampling_equivalent_1_canonicalizer_equivalent_0_if_else_raw_stateless_alu_3_3_stateless_alu_2_0_mux2_ctrl = 2
int sampling_equivalent_1_canonicalizer_equivalent_0_if_else_raw_stateless_alu_3_3_output_mux_phv_1_0_ctrl = 1
int sampling_equivalent_1_canonicalizer_equivalent_0_if_else_raw_stateless_alu_3_3_stateful_alu_2_0_Mux3_1_global = 2
int sampling_equivalent_1_canonicalizer_equivalent_0_if_else_raw_stateless_alu_3_3_stateful_alu_2_0_const_0_global = 1
int sampling_equivalent_1_canonicalizer_equivalent_0_if_else_raw_stateless_alu_3_3_stateful_alu_1_0_Mux3_1_global = 3
int sampling_equivalent_1_canonicalizer_equivalent_0_if_else_raw_stateless_alu_3_3_stateful_operand_mux_1_0_1_ctrl = 0
int sampling_equivalent_1_canonicalizer_equivalent_0_if_else_raw_stateless_alu_3_3_stateless_alu_1_1_mux3_ctrl = 1
int sampling_equivalent_1_canonicalizer_equivalent_0_if_else_raw_stateless_alu_3_3_stateless_alu_2_2_opcode = 8
int sampling_equivalent_1_canonicalizer_equivalent_0_if_else_raw_stateless_alu_3_3_stateless_alu_1_2_opcode = 1
int sampling_equivalent_1_canonicalizer_equivalent_0_if_else_raw_stateless_alu_3_3_output_mux_phv_0_1_ctrl = 1
int sampling_equivalent_1_canonicalizer_equivalent_0_if_else_raw_stateless_alu_3_3_stateful_alu_1_0_Mux3_2_global = 3
int sampling_equivalent_1_canonicalizer_equivalent_0_if_else_raw_stateless_alu_3_3_stateless_alu_0_2_opcode = 15
int sampling_equivalent_1_canonicalizer_equivalent_0_if_else_raw_stateless_alu_3_3_stateless_alu_1_1_mux2_ctrl = 0
int sampling_equivalent_1_canonicalizer_equivalent_0_if_else_raw_stateless_alu_3_3_stateless_alu_0_0_mux2_ctrl = 3
int sampling_equivalent_1_canonicalizer_equivalent_0_if_else_raw_stateless_alu_3_3_stateful_alu_2_0_const_2_global = 2
int sampling_equivalent_1_canonicalizer_equivalent_0_if_else_raw_stateless_alu_3_3_stateless_alu_0_2_mux1_ctrl = 0
int sampling_equivalent_1_canonicalizer_equivalent_0_if_else_raw_stateless_alu_3_3_stateful_alu_0_0_const_0_global = 3
int sampling_equivalent_1_canonicalizer_equivalent_0_if_else_raw_stateless_alu_3_3_stateful_operand_mux_2_0_1_ctrl = 2
int sampling_equivalent_1_canonicalizer_equivalent_0_if_else_raw_stateless_alu_3_3_stateful_alu_1_0_Mux3_0_global = 2
int sampling_equivalent_1_canonicalizer_equivalent_0_if_else_raw_stateless_alu_3_3_stateless_alu_2_0_immediate = 2
int sampling_equivalent_1_canonicalizer_equivalent_0_if_else_raw_stateless_alu_3_3_output_mux_phv_2_1_ctrl = 0
int sampling_equivalent_1_canonicalizer_equivalent_0_if_else_raw_stateless_alu_3_3_stateless_alu_2_1_mux2_ctrl = 0
int sampling_equivalent_1_canonicalizer_equivalent_0_if_else_raw_stateless_alu_3_3_stateless_alu_1_2_mux1_ctrl = 1
int sampling_equivalent_1_canonicalizer_equivalent_0_if_else_raw_stateless_alu_3_3_output_mux_phv_0_0_ctrl = 1
int sampling_equivalent_1_canonicalizer_equivalent_0_if_else_raw_stateless_alu_3_3_stateful_alu_2_0_Opt_0_global = 0
int sampling_equivalent_1_canonicalizer_equivalent_0_if_else_raw_stateless_alu_3_3_stateful_operand_mux_0_0_0_ctrl = 0
int sampling_equivalent_1_canonicalizer_equivalent_0_if_else_raw_stateless_alu_3_3_stateless_alu_2_1_immediate = 0
Output left in sampling_equivalent_1_canonicalizer_equivalent_0_if_else_raw_stateless_alu_3_3.success